================================================================================
runSequence.py execution log
Started: 2026-01-25 18:46:18
================================================================================

runSequence: Testing model
getOutputPath() - outputPath=./output/deepEpiCnnModel_pytorch/24
runSequence: Using Output to folder ./output/deepEpiCnnModel_pytorch/24
runSequence: Testing pytorch neural network model
getOutputPath() - outputPath=./output/deepEpiCnnModel_pytorch/24
runSequence: Testing in folder ./output/deepEpiCnnModel_pytorch/24
runSequence: Testing single model
____nnTester.testModel()____
nnTester.testModel(): Using framework: pytorch
nnTester.testModel(): Using test features CSV ./output/deepEpiCnnModel_pytorch/24/testFeatures.csv
nnTester.testModel(): Importing nn Module user_tools.nnTraining2.deepEpiCnnModel_torch
nnTester.testModel(): Loading Test Data from File testFeatures.csv
augmentData.loadCsv(): reading from file ./output/deepEpiCnnModel_pytorch/24/testFeatures.csv
nnTester.testModel(): Loaded 128077 datapoints
nnTester.testModel(): Re-formatting data for testing
nnTester.testModel(): Kept 110507 of 128077 rows after filtering (17570 removed)
nnTester.testModel(): Seizure datapoints: 1228, Non-seizure datapoints: 109279
nnTester.testModel(): Seizure events: 44, Non-seizure events: 3462
nnTester.testModel(): Converting to np arrays
nnTester.testModel(): re-shaping array for testing
nnTester.testModel(): Found .pte model - will test for comparison

======================================================================
nnTester.testModel(): Testing PT model: deepEpiCnnModel_pytorch.pt
======================================================================

nnTester.testModel(): Calculating Seizure probabilities from test data for PT model
Testing using 1228 seizure datapoints and 109279 false alarm datapoints
PT Model - Test accuracy: 0.975667
PT Model - Test loss: 0.354342
/home/graham/osd/OpenSeizureDatabase/user_tools/nnTraining2/nnTester.py:892: PerformanceWarning: DataFrame is highly fragmented.  This is usually the result of calling `frame.insert` many times, which has poor performance.  Consider joining all columns at once using pd.concat(axis=1) instead. To get a de-fragmented frame, use `newframe = frame.copy()`
  df_original['osd_pred_orig'] = df_original['osdAlarmState'].apply(lambda x: 1 if x >= 2 else 0)

======================================================================
nnTester.testModel(): Testing PTE model: deepEpiCnnModel_pytorch.pte
======================================================================

Skipping import of cpp extensions due to incompatible torch version 2.9.1+cu128 for torchao version 0.14.0         Please see GitHub issue #2919 for more info
Loading ExecuTorch .pte model from ./output/deepEpiCnnModel_pytorch/24/deepEpiCnnModel_pytorch.pte
  File size: 0.41 MB
  Last modified: 2026-01-24 19:47:04.898766
Loading with portable_lib extension...
Successfully loaded ExecuTorch model using portable_lib
nnTester.testModel(): Calculating Seizure probabilities from test data for PTE model
Generating PTE model predictions on CPU: 110507 samples (batch_size=1 for static shape)...
Note: ExecuTorch Python runtime is single-threaded and slow. For production, use C++ runtime on target device.
  Progress: 100/110507 (0.1%) | 20.7 samples/sec | ETA: 89.0 min
  Progress: 200/110507 (0.2%) | 20.7 samples/sec | ETA: 88.7 min
  Progress: 300/110507 (0.3%) | 20.7 samples/sec | ETA: 88.6 min
  Progress: 400/110507 (0.4%) | 20.7 samples/sec | ETA: 88.5 min
  Progress: 500/110507 (0.5%) | 20.7 samples/sec | ETA: 88.4 min
  Progress: 600/110507 (0.5%) | 20.7 samples/sec | ETA: 88.3 min
  Progress: 700/110507 (0.6%) | 20.7 samples/sec | ETA: 88.4 min
  Progress: 800/110507 (0.7%) | 20.7 samples/sec | ETA: 88.3 min
  Progress: 900/110507 (0.8%) | 20.7 samples/sec | ETA: 88.2 min
  Progress: 1000/110507 (0.9%) | 20.7 samples/sec | ETA: 88.0 min
  Progress: 1100/110507 (1.0%) | 20.8 samples/sec | ETA: 87.9 min
  Progress: 1200/110507 (1.1%) | 20.8 samples/sec | ETA: 87.7 min
  Progress: 1300/110507 (1.2%) | 20.8 samples/sec | ETA: 87.6 min
  Progress: 1400/110507 (1.3%) | 20.8 samples/sec | ETA: 87.5 min
  Progress: 1500/110507 (1.4%) | 20.8 samples/sec | ETA: 87.4 min
  Progress: 1600/110507 (1.4%) | 20.8 samples/sec | ETA: 87.3 min
  Progress: 1700/110507 (1.5%) | 20.8 samples/sec | ETA: 87.2 min
  Progress: 1800/110507 (1.6%) | 20.8 samples/sec | ETA: 87.1 min
  Progress: 1900/110507 (1.7%) | 20.8 samples/sec | ETA: 87.0 min
  Progress: 2000/110507 (1.8%) | 20.8 samples/sec | ETA: 86.9 min
  Progress: 2100/110507 (1.9%) | 20.8 samples/sec | ETA: 86.8 min
  Progress: 2200/110507 (2.0%) | 20.8 samples/sec | ETA: 86.7 min
  Progress: 2300/110507 (2.1%) | 20.8 samples/sec | ETA: 86.6 min
  Progress: 2400/110507 (2.2%) | 20.8 samples/sec | ETA: 86.5 min
  Progress: 2500/110507 (2.3%) | 20.8 samples/sec | ETA: 86.4 min
  Progress: 2600/110507 (2.4%) | 20.8 samples/sec | ETA: 86.4 min
  Progress: 2700/110507 (2.4%) | 20.8 samples/sec | ETA: 86.3 min
  Progress: 2800/110507 (2.5%) | 20.8 samples/sec | ETA: 86.2 min
  Progress: 2900/110507 (2.6%) | 20.8 samples/sec | ETA: 86.2 min
  Progress: 3000/110507 (2.7%) | 20.8 samples/sec | ETA: 86.1 min
  Progress: 3100/110507 (2.8%) | 20.8 samples/sec | ETA: 86.0 min
  Progress: 3200/110507 (2.9%) | 20.8 samples/sec | ETA: 85.9 min
  Progress: 3300/110507 (3.0%) | 20.8 samples/sec | ETA: 85.8 min
  Progress: 3400/110507 (3.1%) | 20.8 samples/sec | ETA: 85.7 min
  Progress: 3500/110507 (3.2%) | 20.8 samples/sec | ETA: 85.6 min
  Progress: 3600/110507 (3.3%) | 20.8 samples/sec | ETA: 85.6 min
  Progress: 3700/110507 (3.3%) | 20.8 samples/sec | ETA: 85.5 min
  Progress: 3800/110507 (3.4%) | 20.8 samples/sec | ETA: 85.4 min
  Progress: 3900/110507 (3.5%) | 20.8 samples/sec | ETA: 85.3 min
  Progress: 4000/110507 (3.6%) | 20.8 samples/sec | ETA: 85.2 min
  Progress: 4100/110507 (3.7%) | 20.8 samples/sec | ETA: 85.1 min
  Progress: 4200/110507 (3.8%) | 20.8 samples/sec | ETA: 85.0 min
  Progress: 4300/110507 (3.9%) | 20.8 samples/sec | ETA: 84.9 min
  Progress: 4400/110507 (4.0%) | 20.8 samples/sec | ETA: 84.9 min
  Progress: 4500/110507 (4.1%) | 20.8 samples/sec | ETA: 84.8 min
  Progress: 4600/110507 (4.2%) | 20.8 samples/sec | ETA: 84.7 min
  Progress: 4700/110507 (4.3%) | 20.8 samples/sec | ETA: 84.6 min
  Progress: 4800/110507 (4.3%) | 20.8 samples/sec | ETA: 84.5 min
  Progress: 4900/110507 (4.4%) | 20.8 samples/sec | ETA: 84.4 min
  Progress: 5000/110507 (4.5%) | 20.9 samples/sec | ETA: 84.3 min
  Progress: 5100/110507 (4.6%) | 20.9 samples/sec | ETA: 84.3 min
  Progress: 5200/110507 (4.7%) | 20.9 samples/sec | ETA: 84.2 min
  Progress: 5300/110507 (4.8%) | 20.9 samples/sec | ETA: 84.1 min
  Progress: 5400/110507 (4.9%) | 20.9 samples/sec | ETA: 84.0 min
  Progress: 5500/110507 (5.0%) | 20.9 samples/sec | ETA: 83.9 min
  Progress: 5600/110507 (5.1%) | 20.9 samples/sec | ETA: 83.8 min
  Progress: 5700/110507 (5.2%) | 20.9 samples/sec | ETA: 83.8 min
  Progress: 5800/110507 (5.2%) | 20.9 samples/sec | ETA: 83.7 min
  Progress: 5900/110507 (5.3%) | 20.9 samples/sec | ETA: 83.6 min
  Progress: 6000/110507 (5.4%) | 20.9 samples/sec | ETA: 83.5 min
  Progress: 6100/110507 (5.5%) | 20.9 samples/sec | ETA: 83.4 min
  Progress: 6200/110507 (5.6%) | 20.9 samples/sec | ETA: 83.3 min
  Progress: 6300/110507 (5.7%) | 20.9 samples/sec | ETA: 83.2 min
  Progress: 6400/110507 (5.8%) | 20.9 samples/sec | ETA: 83.2 min
  Progress: 6500/110507 (5.9%) | 20.9 samples/sec | ETA: 83.1 min
  Progress: 6600/110507 (6.0%) | 20.9 samples/sec | ETA: 83.0 min
  Progress: 6700/110507 (6.1%) | 20.9 samples/sec | ETA: 82.9 min
  Progress: 6800/110507 (6.2%) | 20.9 samples/sec | ETA: 82.8 min
  Progress: 6900/110507 (6.2%) | 20.9 samples/sec | ETA: 82.7 min
  Progress: 7000/110507 (6.3%) | 20.9 samples/sec | ETA: 82.7 min
  Progress: 7100/110507 (6.4%) | 20.9 samples/sec | ETA: 82.6 min
  Progress: 7200/110507 (6.5%) | 20.9 samples/sec | ETA: 82.5 min
  Progress: 7300/110507 (6.6%) | 20.9 samples/sec | ETA: 82.4 min
  Progress: 7400/110507 (6.7%) | 20.9 samples/sec | ETA: 82.3 min
  Progress: 7500/110507 (6.8%) | 20.9 samples/sec | ETA: 82.2 min
  Progress: 7600/110507 (6.9%) | 20.9 samples/sec | ETA: 82.2 min
  Progress: 7700/110507 (7.0%) | 20.9 samples/sec | ETA: 82.1 min
  Progress: 7800/110507 (7.1%) | 20.9 samples/sec | ETA: 82.0 min
  Progress: 7900/110507 (7.1%) | 20.9 samples/sec | ETA: 81.9 min
  Progress: 8000/110507 (7.2%) | 20.9 samples/sec | ETA: 81.8 min
  Progress: 8100/110507 (7.3%) | 20.9 samples/sec | ETA: 81.8 min
  Progress: 8200/110507 (7.4%) | 20.9 samples/sec | ETA: 81.7 min
  Progress: 8300/110507 (7.5%) | 20.9 samples/sec | ETA: 81.6 min
  Progress: 8400/110507 (7.6%) | 20.9 samples/sec | ETA: 81.5 min
  Progress: 8500/110507 (7.7%) | 20.9 samples/sec | ETA: 81.4 min
  Progress: 8600/110507 (7.8%) | 20.9 samples/sec | ETA: 81.3 min
  Progress: 8700/110507 (7.9%) | 20.9 samples/sec | ETA: 81.3 min
  Progress: 8800/110507 (8.0%) | 20.9 samples/sec | ETA: 81.2 min
  Progress: 8900/110507 (8.1%) | 20.9 samples/sec | ETA: 81.1 min
  Progress: 9000/110507 (8.1%) | 20.9 samples/sec | ETA: 81.0 min
  Progress: 9100/110507 (8.2%) | 20.9 samples/sec | ETA: 80.9 min
  Progress: 9200/110507 (8.3%) | 20.9 samples/sec | ETA: 80.8 min
  Progress: 9300/110507 (8.4%) | 20.9 samples/sec | ETA: 80.8 min
  Progress: 9400/110507 (8.5%) | 20.9 samples/sec | ETA: 80.7 min
  Progress: 9500/110507 (8.6%) | 20.9 samples/sec | ETA: 80.6 min
  Progress: 9600/110507 (8.7%) | 20.9 samples/sec | ETA: 80.5 min
  Progress: 9700/110507 (8.8%) | 20.9 samples/sec | ETA: 80.4 min
  Progress: 9800/110507 (8.9%) | 20.9 samples/sec | ETA: 80.4 min
  Progress: 9900/110507 (9.0%) | 20.9 samples/sec | ETA: 80.3 min
  Progress: 10000/110507 (9.0%) | 20.9 samples/sec | ETA: 80.2 min
  Progress: 10100/110507 (9.1%) | 20.9 samples/sec | ETA: 80.1 min
  Progress: 10200/110507 (9.2%) | 20.9 samples/sec | ETA: 80.0 min
  Progress: 10300/110507 (9.3%) | 20.9 samples/sec | ETA: 80.0 min
  Progress: 10400/110507 (9.4%) | 20.9 samples/sec | ETA: 79.9 min
  Progress: 10500/110507 (9.5%) | 20.9 samples/sec | ETA: 79.8 min
  Progress: 10600/110507 (9.6%) | 20.9 samples/sec | ETA: 79.7 min
  Progress: 10700/110507 (9.7%) | 20.9 samples/sec | ETA: 79.6 min
  Progress: 10800/110507 (9.8%) | 20.9 samples/sec | ETA: 79.5 min
  Progress: 10900/110507 (9.9%) | 20.9 samples/sec | ETA: 79.5 min
  Progress: 11000/110507 (10.0%) | 20.9 samples/sec | ETA: 79.4 min
  Progress: 11100/110507 (10.0%) | 20.9 samples/sec | ETA: 79.3 min
  Progress: 11200/110507 (10.1%) | 20.9 samples/sec | ETA: 79.2 min
  Progress: 11300/110507 (10.2%) | 20.9 samples/sec | ETA: 79.1 min
  Progress: 11400/110507 (10.3%) | 20.9 samples/sec | ETA: 79.0 min
  Progress: 11500/110507 (10.4%) | 20.9 samples/sec | ETA: 79.0 min
  Progress: 11600/110507 (10.5%) | 20.9 samples/sec | ETA: 78.9 min
  Progress: 11700/110507 (10.6%) | 20.9 samples/sec | ETA: 78.8 min
  Progress: 11800/110507 (10.7%) | 20.9 samples/sec | ETA: 78.7 min
  Progress: 11900/110507 (10.8%) | 20.9 samples/sec | ETA: 78.6 min
  Progress: 12000/110507 (10.9%) | 20.9 samples/sec | ETA: 78.6 min
  Progress: 12100/110507 (10.9%) | 20.9 samples/sec | ETA: 78.5 min
  Progress: 12200/110507 (11.0%) | 20.9 samples/sec | ETA: 78.4 min
  Progress: 12300/110507 (11.1%) | 20.9 samples/sec | ETA: 78.3 min
  Progress: 12400/110507 (11.2%) | 20.9 samples/sec | ETA: 78.2 min
  Progress: 12500/110507 (11.3%) | 20.9 samples/sec | ETA: 78.2 min
  Progress: 12600/110507 (11.4%) | 20.9 samples/sec | ETA: 78.1 min
  Progress: 12700/110507 (11.5%) | 20.9 samples/sec | ETA: 78.0 min
  Progress: 12800/110507 (11.6%) | 20.9 samples/sec | ETA: 77.9 min
  Progress: 12900/110507 (11.7%) | 20.9 samples/sec | ETA: 77.8 min
  Progress: 13000/110507 (11.8%) | 20.9 samples/sec | ETA: 77.7 min
  Progress: 13100/110507 (11.9%) | 20.9 samples/sec | ETA: 77.7 min
  Progress: 13200/110507 (11.9%) | 20.9 samples/sec | ETA: 77.6 min
  Progress: 13300/110507 (12.0%) | 20.9 samples/sec | ETA: 77.5 min
  Progress: 13400/110507 (12.1%) | 20.9 samples/sec | ETA: 77.4 min
  Progress: 13500/110507 (12.2%) | 20.9 samples/sec | ETA: 77.3 min
  Progress: 13600/110507 (12.3%) | 20.9 samples/sec | ETA: 77.3 min
  Progress: 13700/110507 (12.4%) | 20.9 samples/sec | ETA: 77.2 min
  Progress: 13800/110507 (12.5%) | 20.9 samples/sec | ETA: 77.1 min
  Progress: 13900/110507 (12.6%) | 20.9 samples/sec | ETA: 77.0 min
  Progress: 14000/110507 (12.7%) | 20.9 samples/sec | ETA: 76.9 min
  Progress: 14100/110507 (12.8%) | 20.9 samples/sec | ETA: 76.9 min
  Progress: 14200/110507 (12.8%) | 20.9 samples/sec | ETA: 76.8 min
  Progress: 14300/110507 (12.9%) | 20.9 samples/sec | ETA: 76.7 min
  Progress: 14400/110507 (13.0%) | 20.9 samples/sec | ETA: 76.6 min
  Progress: 14500/110507 (13.1%) | 20.9 samples/sec | ETA: 76.5 min
  Progress: 14600/110507 (13.2%) | 20.9 samples/sec | ETA: 76.5 min
  Progress: 14700/110507 (13.3%) | 20.9 samples/sec | ETA: 76.4 min
  Progress: 14800/110507 (13.4%) | 20.9 samples/sec | ETA: 76.3 min
  Progress: 14900/110507 (13.5%) | 20.9 samples/sec | ETA: 76.3 min
  Progress: 15000/110507 (13.6%) | 20.9 samples/sec | ETA: 76.2 min
  Progress: 15100/110507 (13.7%) | 20.9 samples/sec | ETA: 76.1 min
  Progress: 15200/110507 (13.8%) | 20.9 samples/sec | ETA: 76.0 min
  Progress: 15300/110507 (13.8%) | 20.9 samples/sec | ETA: 76.0 min
  Progress: 15400/110507 (13.9%) | 20.9 samples/sec | ETA: 75.9 min
  Progress: 15500/110507 (14.0%) | 20.9 samples/sec | ETA: 75.8 min
  Progress: 15600/110507 (14.1%) | 20.9 samples/sec | ETA: 75.7 min
  Progress: 15700/110507 (14.2%) | 20.9 samples/sec | ETA: 75.6 min
  Progress: 15800/110507 (14.3%) | 20.9 samples/sec | ETA: 75.6 min
  Progress: 15900/110507 (14.4%) | 20.9 samples/sec | ETA: 75.5 min
  Progress: 16000/110507 (14.5%) | 20.9 samples/sec | ETA: 75.4 min
  Progress: 16100/110507 (14.6%) | 20.9 samples/sec | ETA: 75.3 min
  Progress: 16200/110507 (14.7%) | 20.9 samples/sec | ETA: 75.3 min
  Progress: 16300/110507 (14.8%) | 20.9 samples/sec | ETA: 75.2 min
  Progress: 16400/110507 (14.8%) | 20.9 samples/sec | ETA: 75.1 min
  Progress: 16500/110507 (14.9%) | 20.9 samples/sec | ETA: 75.0 min
  Progress: 16600/110507 (15.0%) | 20.9 samples/sec | ETA: 75.0 min
  Progress: 16700/110507 (15.1%) | 20.9 samples/sec | ETA: 74.9 min
  Progress: 16800/110507 (15.2%) | 20.9 samples/sec | ETA: 74.8 min
  Progress: 16900/110507 (15.3%) | 20.9 samples/sec | ETA: 74.7 min
  Progress: 17000/110507 (15.4%) | 20.9 samples/sec | ETA: 74.6 min
  Progress: 17100/110507 (15.5%) | 20.9 samples/sec | ETA: 74.6 min
  Progress: 17200/110507 (15.6%) | 20.9 samples/sec | ETA: 74.5 min
  Progress: 17300/110507 (15.7%) | 20.9 samples/sec | ETA: 74.4 min
  Progress: 17400/110507 (15.7%) | 20.9 samples/sec | ETA: 74.3 min
  Progress: 17500/110507 (15.8%) | 20.9 samples/sec | ETA: 74.2 min
  Progress: 17600/110507 (15.9%) | 20.9 samples/sec | ETA: 74.2 min
  Progress: 17700/110507 (16.0%) | 20.9 samples/sec | ETA: 74.1 min
  Progress: 17800/110507 (16.1%) | 20.9 samples/sec | ETA: 74.0 min
  Progress: 17900/110507 (16.2%) | 20.9 samples/sec | ETA: 73.9 min
  Progress: 18000/110507 (16.3%) | 20.9 samples/sec | ETA: 73.8 min
  Progress: 18100/110507 (16.4%) | 20.9 samples/sec | ETA: 73.8 min
  Progress: 18200/110507 (16.5%) | 20.9 samples/sec | ETA: 73.7 min
  Progress: 18300/110507 (16.6%) | 20.9 samples/sec | ETA: 73.6 min
  Progress: 18400/110507 (16.7%) | 20.9 samples/sec | ETA: 73.5 min
  Progress: 18500/110507 (16.7%) | 20.9 samples/sec | ETA: 73.4 min
  Progress: 18600/110507 (16.8%) | 20.9 samples/sec | ETA: 73.4 min
  Progress: 18700/110507 (16.9%) | 20.9 samples/sec | ETA: 73.3 min
  Progress: 18800/110507 (17.0%) | 20.9 samples/sec | ETA: 73.2 min
  Progress: 18900/110507 (17.1%) | 20.9 samples/sec | ETA: 73.1 min
  Progress: 19000/110507 (17.2%) | 20.9 samples/sec | ETA: 73.0 min
  Progress: 19100/110507 (17.3%) | 20.9 samples/sec | ETA: 73.0 min
  Progress: 19200/110507 (17.4%) | 20.9 samples/sec | ETA: 72.9 min
  Progress: 19300/110507 (17.5%) | 20.9 samples/sec | ETA: 72.8 min
  Progress: 19400/110507 (17.6%) | 20.9 samples/sec | ETA: 72.7 min
  Progress: 19500/110507 (17.6%) | 20.9 samples/sec | ETA: 72.6 min
  Progress: 19600/110507 (17.7%) | 20.9 samples/sec | ETA: 72.6 min
  Progress: 19700/110507 (17.8%) | 20.9 samples/sec | ETA: 72.5 min
  Progress: 19800/110507 (17.9%) | 20.9 samples/sec | ETA: 72.4 min
  Progress: 19900/110507 (18.0%) | 20.9 samples/sec | ETA: 72.3 min
  Progress: 20000/110507 (18.1%) | 20.9 samples/sec | ETA: 72.2 min
  Progress: 20100/110507 (18.2%) | 20.9 samples/sec | ETA: 72.2 min
  Progress: 20200/110507 (18.3%) | 20.9 samples/sec | ETA: 72.1 min
  Progress: 20300/110507 (18.4%) | 20.9 samples/sec | ETA: 72.0 min
  Progress: 20400/110507 (18.5%) | 20.9 samples/sec | ETA: 71.9 min
  Progress: 20500/110507 (18.6%) | 20.9 samples/sec | ETA: 71.8 min
  Progress: 20600/110507 (18.6%) | 20.9 samples/sec | ETA: 71.8 min
  Progress: 20700/110507 (18.7%) | 20.9 samples/sec | ETA: 71.7 min
  Progress: 20800/110507 (18.8%) | 20.9 samples/sec | ETA: 71.6 min
  Progress: 20900/110507 (18.9%) | 20.9 samples/sec | ETA: 71.5 min
  Progress: 21000/110507 (19.0%) | 20.9 samples/sec | ETA: 71.4 min
  Progress: 21100/110507 (19.1%) | 20.9 samples/sec | ETA: 71.4 min
  Progress: 21200/110507 (19.2%) | 20.9 samples/sec | ETA: 71.3 min
  Progress: 21300/110507 (19.3%) | 20.9 samples/sec | ETA: 71.2 min
  Progress: 21400/110507 (19.4%) | 20.9 samples/sec | ETA: 71.1 min
  Progress: 21500/110507 (19.5%) | 20.9 samples/sec | ETA: 71.1 min
  Progress: 21600/110507 (19.5%) | 20.9 samples/sec | ETA: 71.0 min
  Progress: 21700/110507 (19.6%) | 20.9 samples/sec | ETA: 70.9 min
  Progress: 21800/110507 (19.7%) | 20.9 samples/sec | ETA: 70.8 min
  Progress: 21900/110507 (19.8%) | 20.9 samples/sec | ETA: 70.7 min
  Progress: 22000/110507 (19.9%) | 20.9 samples/sec | ETA: 70.7 min
  Progress: 22100/110507 (20.0%) | 20.9 samples/sec | ETA: 70.6 min
  Progress: 22200/110507 (20.1%) | 20.9 samples/sec | ETA: 70.5 min
  Progress: 22300/110507 (20.2%) | 20.9 samples/sec | ETA: 70.4 min
  Progress: 22400/110507 (20.3%) | 20.9 samples/sec | ETA: 70.4 min
  Progress: 22500/110507 (20.4%) | 20.9 samples/sec | ETA: 70.3 min
  Progress: 22600/110507 (20.5%) | 20.9 samples/sec | ETA: 70.2 min
  Progress: 22700/110507 (20.5%) | 20.9 samples/sec | ETA: 70.1 min
  Progress: 22800/110507 (20.6%) | 20.9 samples/sec | ETA: 70.0 min
  Progress: 22900/110507 (20.7%) | 20.9 samples/sec | ETA: 70.0 min
  Progress: 23000/110507 (20.8%) | 20.9 samples/sec | ETA: 69.9 min
  Progress: 23100/110507 (20.9%) | 20.9 samples/sec | ETA: 69.8 min
  Progress: 23200/110507 (21.0%) | 20.9 samples/sec | ETA: 69.7 min
  Progress: 23300/110507 (21.1%) | 20.9 samples/sec | ETA: 69.7 min
  Progress: 23400/110507 (21.2%) | 20.9 samples/sec | ETA: 69.6 min
  Progress: 23500/110507 (21.3%) | 20.9 samples/sec | ETA: 69.5 min
  Progress: 23600/110507 (21.4%) | 20.9 samples/sec | ETA: 69.4 min
  Progress: 23700/110507 (21.4%) | 20.9 samples/sec | ETA: 69.3 min
  Progress: 23800/110507 (21.5%) | 20.9 samples/sec | ETA: 69.3 min
  Progress: 23900/110507 (21.6%) | 20.9 samples/sec | ETA: 69.2 min
  Progress: 24000/110507 (21.7%) | 20.9 samples/sec | ETA: 69.1 min
  Progress: 24100/110507 (21.8%) | 20.9 samples/sec | ETA: 69.0 min
  Progress: 24200/110507 (21.9%) | 20.9 samples/sec | ETA: 69.0 min
  Progress: 24300/110507 (22.0%) | 20.9 samples/sec | ETA: 68.9 min
  Progress: 24400/110507 (22.1%) | 20.9 samples/sec | ETA: 68.8 min
  Progress: 24500/110507 (22.2%) | 20.9 samples/sec | ETA: 68.7 min
  Progress: 24600/110507 (22.3%) | 20.9 samples/sec | ETA: 68.6 min
  Progress: 24700/110507 (22.4%) | 20.9 samples/sec | ETA: 68.6 min
  Progress: 24800/110507 (22.4%) | 20.9 samples/sec | ETA: 68.5 min
  Progress: 24900/110507 (22.5%) | 20.9 samples/sec | ETA: 68.4 min
  Progress: 25000/110507 (22.6%) | 20.9 samples/sec | ETA: 68.3 min
  Progress: 25100/110507 (22.7%) | 20.9 samples/sec | ETA: 68.3 min
  Progress: 25200/110507 (22.8%) | 20.9 samples/sec | ETA: 68.2 min
  Progress: 25300/110507 (22.9%) | 20.9 samples/sec | ETA: 68.1 min
  Progress: 25400/110507 (23.0%) | 20.9 samples/sec | ETA: 68.0 min
  Progress: 25500/110507 (23.1%) | 20.9 samples/sec | ETA: 67.9 min
  Progress: 25600/110507 (23.2%) | 20.8 samples/sec | ETA: 67.9 min
  Progress: 25700/110507 (23.3%) | 20.8 samples/sec | ETA: 67.8 min
  Progress: 25800/110507 (23.3%) | 20.8 samples/sec | ETA: 67.7 min
  Progress: 25900/110507 (23.4%) | 20.8 samples/sec | ETA: 67.6 min
  Progress: 26000/110507 (23.5%) | 20.8 samples/sec | ETA: 67.6 min
  Progress: 26100/110507 (23.6%) | 20.8 samples/sec | ETA: 67.5 min
  Progress: 26200/110507 (23.7%) | 20.8 samples/sec | ETA: 67.4 min
  Progress: 26300/110507 (23.8%) | 20.8 samples/sec | ETA: 67.3 min
  Progress: 26400/110507 (23.9%) | 20.8 samples/sec | ETA: 67.2 min
  Progress: 26500/110507 (24.0%) | 20.8 samples/sec | ETA: 67.2 min
  Progress: 26600/110507 (24.1%) | 20.8 samples/sec | ETA: 67.1 min
  Progress: 26700/110507 (24.2%) | 20.8 samples/sec | ETA: 67.0 min
  Progress: 26800/110507 (24.3%) | 20.8 samples/sec | ETA: 66.9 min
  Progress: 26900/110507 (24.3%) | 20.8 samples/sec | ETA: 66.8 min
  Progress: 27000/110507 (24.4%) | 20.8 samples/sec | ETA: 66.8 min
  Progress: 27100/110507 (24.5%) | 20.8 samples/sec | ETA: 66.7 min
  Progress: 27200/110507 (24.6%) | 20.8 samples/sec | ETA: 66.6 min
  Progress: 27300/110507 (24.7%) | 20.8 samples/sec | ETA: 66.5 min
  Progress: 27400/110507 (24.8%) | 20.8 samples/sec | ETA: 66.4 min
  Progress: 27500/110507 (24.9%) | 20.8 samples/sec | ETA: 66.4 min
  Progress: 27600/110507 (25.0%) | 20.8 samples/sec | ETA: 66.3 min
  Progress: 27700/110507 (25.1%) | 20.8 samples/sec | ETA: 66.2 min
  Progress: 27800/110507 (25.2%) | 20.8 samples/sec | ETA: 66.1 min
  Progress: 27900/110507 (25.2%) | 20.8 samples/sec | ETA: 66.0 min
  Progress: 28000/110507 (25.3%) | 20.8 samples/sec | ETA: 66.0 min
  Progress: 28100/110507 (25.4%) | 20.8 samples/sec | ETA: 65.9 min
  Progress: 28200/110507 (25.5%) | 20.8 samples/sec | ETA: 65.8 min
  Progress: 28300/110507 (25.6%) | 20.8 samples/sec | ETA: 65.7 min
  Progress: 28400/110507 (25.7%) | 20.8 samples/sec | ETA: 65.6 min
  Progress: 28500/110507 (25.8%) | 20.8 samples/sec | ETA: 65.6 min
  Progress: 28600/110507 (25.9%) | 20.8 samples/sec | ETA: 65.5 min
  Progress: 28700/110507 (26.0%) | 20.8 samples/sec | ETA: 65.4 min
  Progress: 28800/110507 (26.1%) | 20.8 samples/sec | ETA: 65.3 min
  Progress: 28900/110507 (26.2%) | 20.8 samples/sec | ETA: 65.2 min
  Progress: 29000/110507 (26.2%) | 20.8 samples/sec | ETA: 65.2 min
  Progress: 29100/110507 (26.3%) | 20.8 samples/sec | ETA: 65.1 min
  Progress: 29200/110507 (26.4%) | 20.8 samples/sec | ETA: 65.0 min
  Progress: 29300/110507 (26.5%) | 20.8 samples/sec | ETA: 64.9 min
  Progress: 29400/110507 (26.6%) | 20.8 samples/sec | ETA: 64.8 min
  Progress: 29500/110507 (26.7%) | 20.8 samples/sec | ETA: 64.8 min
  Progress: 29600/110507 (26.8%) | 20.8 samples/sec | ETA: 64.7 min
  Progress: 29700/110507 (26.9%) | 20.8 samples/sec | ETA: 64.6 min
  Progress: 29800/110507 (27.0%) | 20.8 samples/sec | ETA: 64.5 min
  Progress: 29900/110507 (27.1%) | 20.8 samples/sec | ETA: 64.4 min
  Progress: 30000/110507 (27.1%) | 20.8 samples/sec | ETA: 64.4 min
  Progress: 30100/110507 (27.2%) | 20.8 samples/sec | ETA: 64.3 min
  Progress: 30200/110507 (27.3%) | 20.8 samples/sec | ETA: 64.2 min
  Progress: 30300/110507 (27.4%) | 20.8 samples/sec | ETA: 64.1 min
  Progress: 30400/110507 (27.5%) | 20.8 samples/sec | ETA: 64.1 min
  Progress: 30500/110507 (27.6%) | 20.8 samples/sec | ETA: 64.0 min
  Progress: 30600/110507 (27.7%) | 20.8 samples/sec | ETA: 63.9 min
  Progress: 30700/110507 (27.8%) | 20.8 samples/sec | ETA: 63.8 min
  Progress: 30800/110507 (27.9%) | 20.8 samples/sec | ETA: 63.7 min
  Progress: 30900/110507 (28.0%) | 20.8 samples/sec | ETA: 63.7 min
  Progress: 31000/110507 (28.1%) | 20.8 samples/sec | ETA: 63.6 min
  Progress: 31100/110507 (28.1%) | 20.8 samples/sec | ETA: 63.5 min
  Progress: 31200/110507 (28.2%) | 20.8 samples/sec | ETA: 63.4 min
  Progress: 31300/110507 (28.3%) | 20.8 samples/sec | ETA: 63.3 min
  Progress: 31400/110507 (28.4%) | 20.8 samples/sec | ETA: 63.3 min
  Progress: 31500/110507 (28.5%) | 20.8 samples/sec | ETA: 63.2 min
  Progress: 31600/110507 (28.6%) | 20.8 samples/sec | ETA: 63.1 min
  Progress: 31700/110507 (28.7%) | 20.8 samples/sec | ETA: 63.0 min
  Progress: 31800/110507 (28.8%) | 20.8 samples/sec | ETA: 62.9 min
  Progress: 31900/110507 (28.9%) | 20.8 samples/sec | ETA: 62.9 min
  Progress: 32000/110507 (29.0%) | 20.8 samples/sec | ETA: 62.8 min
  Progress: 32100/110507 (29.0%) | 20.8 samples/sec | ETA: 62.7 min
  Progress: 32200/110507 (29.1%) | 20.8 samples/sec | ETA: 62.6 min
  Progress: 32300/110507 (29.2%) | 20.8 samples/sec | ETA: 62.5 min
  Progress: 32400/110507 (29.3%) | 20.8 samples/sec | ETA: 62.5 min
  Progress: 32500/110507 (29.4%) | 20.8 samples/sec | ETA: 62.4 min
  Progress: 32600/110507 (29.5%) | 20.8 samples/sec | ETA: 62.3 min
  Progress: 32700/110507 (29.6%) | 20.8 samples/sec | ETA: 62.2 min
  Progress: 32800/110507 (29.7%) | 20.8 samples/sec | ETA: 62.1 min
  Progress: 32900/110507 (29.8%) | 20.8 samples/sec | ETA: 62.1 min
  Progress: 33000/110507 (29.9%) | 20.8 samples/sec | ETA: 62.0 min
  Progress: 33100/110507 (30.0%) | 20.8 samples/sec | ETA: 61.9 min
  Progress: 33200/110507 (30.0%) | 20.8 samples/sec | ETA: 61.8 min
  Progress: 33300/110507 (30.1%) | 20.8 samples/sec | ETA: 61.7 min
  Progress: 33400/110507 (30.2%) | 20.8 samples/sec | ETA: 61.7 min
  Progress: 33500/110507 (30.3%) | 20.8 samples/sec | ETA: 61.6 min
  Progress: 33600/110507 (30.4%) | 20.8 samples/sec | ETA: 61.5 min
  Progress: 33700/110507 (30.5%) | 20.8 samples/sec | ETA: 61.4 min
  Progress: 33800/110507 (30.6%) | 20.8 samples/sec | ETA: 61.3 min
  Progress: 33900/110507 (30.7%) | 20.8 samples/sec | ETA: 61.3 min
  Progress: 34000/110507 (30.8%) | 20.8 samples/sec | ETA: 61.2 min
  Progress: 34100/110507 (30.9%) | 20.8 samples/sec | ETA: 61.1 min
  Progress: 34200/110507 (30.9%) | 20.8 samples/sec | ETA: 61.0 min
  Progress: 34300/110507 (31.0%) | 20.8 samples/sec | ETA: 60.9 min
  Progress: 34400/110507 (31.1%) | 20.8 samples/sec | ETA: 60.9 min
  Progress: 34500/110507 (31.2%) | 20.8 samples/sec | ETA: 60.8 min
  Progress: 34600/110507 (31.3%) | 20.8 samples/sec | ETA: 60.7 min
  Progress: 34700/110507 (31.4%) | 20.8 samples/sec | ETA: 60.6 min
  Progress: 34800/110507 (31.5%) | 20.8 samples/sec | ETA: 60.5 min
  Progress: 34900/110507 (31.6%) | 20.8 samples/sec | ETA: 60.5 min
  Progress: 35000/110507 (31.7%) | 20.8 samples/sec | ETA: 60.4 min
  Progress: 35100/110507 (31.8%) | 20.8 samples/sec | ETA: 60.3 min
  Progress: 35200/110507 (31.9%) | 20.8 samples/sec | ETA: 60.2 min
  Progress: 35300/110507 (31.9%) | 20.8 samples/sec | ETA: 60.1 min
  Progress: 35400/110507 (32.0%) | 20.8 samples/sec | ETA: 60.1 min
  Progress: 35500/110507 (32.1%) | 20.8 samples/sec | ETA: 60.0 min
  Progress: 35600/110507 (32.2%) | 20.8 samples/sec | ETA: 59.9 min
  Progress: 35700/110507 (32.3%) | 20.8 samples/sec | ETA: 59.8 min
  Progress: 35800/110507 (32.4%) | 20.8 samples/sec | ETA: 59.7 min
  Progress: 35900/110507 (32.5%) | 20.8 samples/sec | ETA: 59.7 min
  Progress: 36000/110507 (32.6%) | 20.8 samples/sec | ETA: 59.6 min
  Progress: 36100/110507 (32.7%) | 20.8 samples/sec | ETA: 59.5 min
  Progress: 36200/110507 (32.8%) | 20.8 samples/sec | ETA: 59.4 min
  Progress: 36300/110507 (32.8%) | 20.8 samples/sec | ETA: 59.3 min
  Progress: 36400/110507 (32.9%) | 20.8 samples/sec | ETA: 59.3 min
  Progress: 36500/110507 (33.0%) | 20.8 samples/sec | ETA: 59.2 min
  Progress: 36600/110507 (33.1%) | 20.8 samples/sec | ETA: 59.1 min
  Progress: 36700/110507 (33.2%) | 20.8 samples/sec | ETA: 59.0 min
  Progress: 36800/110507 (33.3%) | 20.8 samples/sec | ETA: 58.9 min
  Progress: 36900/110507 (33.4%) | 20.8 samples/sec | ETA: 58.9 min
  Progress: 37000/110507 (33.5%) | 20.8 samples/sec | ETA: 58.8 min
  Progress: 37100/110507 (33.6%) | 20.8 samples/sec | ETA: 58.7 min
  Progress: 37200/110507 (33.7%) | 20.8 samples/sec | ETA: 58.6 min
  Progress: 37300/110507 (33.8%) | 20.8 samples/sec | ETA: 58.5 min
  Progress: 37400/110507 (33.8%) | 20.8 samples/sec | ETA: 58.5 min
  Progress: 37500/110507 (33.9%) | 20.8 samples/sec | ETA: 58.4 min
  Progress: 37600/110507 (34.0%) | 20.8 samples/sec | ETA: 58.3 min
  Progress: 37700/110507 (34.1%) | 20.8 samples/sec | ETA: 58.2 min
  Progress: 37800/110507 (34.2%) | 20.8 samples/sec | ETA: 58.1 min
  Progress: 37900/110507 (34.3%) | 20.8 samples/sec | ETA: 58.1 min
  Progress: 38000/110507 (34.4%) | 20.8 samples/sec | ETA: 58.0 min
  Progress: 38100/110507 (34.5%) | 20.8 samples/sec | ETA: 57.9 min
  Progress: 38200/110507 (34.6%) | 20.8 samples/sec | ETA: 57.8 min
  Progress: 38300/110507 (34.7%) | 20.8 samples/sec | ETA: 57.7 min
  Progress: 38400/110507 (34.7%) | 20.8 samples/sec | ETA: 57.7 min
  Progress: 38500/110507 (34.8%) | 20.8 samples/sec | ETA: 57.6 min
  Progress: 38600/110507 (34.9%) | 20.8 samples/sec | ETA: 57.5 min
  Progress: 38700/110507 (35.0%) | 20.8 samples/sec | ETA: 57.4 min
  Progress: 38800/110507 (35.1%) | 20.8 samples/sec | ETA: 57.3 min
  Progress: 38900/110507 (35.2%) | 20.8 samples/sec | ETA: 57.3 min
  Progress: 39000/110507 (35.3%) | 20.8 samples/sec | ETA: 57.2 min
  Progress: 39100/110507 (35.4%) | 20.8 samples/sec | ETA: 57.1 min
  Progress: 39200/110507 (35.5%) | 20.8 samples/sec | ETA: 57.0 min
  Progress: 39300/110507 (35.6%) | 20.8 samples/sec | ETA: 56.9 min
  Progress: 39400/110507 (35.7%) | 20.8 samples/sec | ETA: 56.9 min
  Progress: 39500/110507 (35.7%) | 20.8 samples/sec | ETA: 56.8 min
  Progress: 39600/110507 (35.8%) | 20.8 samples/sec | ETA: 56.7 min
  Progress: 39700/110507 (35.9%) | 20.8 samples/sec | ETA: 56.6 min
  Progress: 39800/110507 (36.0%) | 20.8 samples/sec | ETA: 56.5 min
  Progress: 39900/110507 (36.1%) | 20.8 samples/sec | ETA: 56.5 min
  Progress: 40000/110507 (36.2%) | 20.8 samples/sec | ETA: 56.4 min
  Progress: 40100/110507 (36.3%) | 20.8 samples/sec | ETA: 56.3 min
  Progress: 40200/110507 (36.4%) | 20.8 samples/sec | ETA: 56.2 min
  Progress: 40300/110507 (36.5%) | 20.8 samples/sec | ETA: 56.1 min
  Progress: 40400/110507 (36.6%) | 20.8 samples/sec | ETA: 56.1 min
  Progress: 40500/110507 (36.6%) | 20.8 samples/sec | ETA: 56.0 min
  Progress: 40600/110507 (36.7%) | 20.8 samples/sec | ETA: 55.9 min
  Progress: 40700/110507 (36.8%) | 20.8 samples/sec | ETA: 55.8 min
  Progress: 40800/110507 (36.9%) | 20.8 samples/sec | ETA: 55.8 min
  Progress: 40900/110507 (37.0%) | 20.8 samples/sec | ETA: 55.7 min
  Progress: 41000/110507 (37.1%) | 20.8 samples/sec | ETA: 55.6 min
  Progress: 41100/110507 (37.2%) | 20.8 samples/sec | ETA: 55.5 min
  Progress: 41200/110507 (37.3%) | 20.8 samples/sec | ETA: 55.4 min
  Progress: 41300/110507 (37.4%) | 20.8 samples/sec | ETA: 55.4 min
  Progress: 41400/110507 (37.5%) | 20.8 samples/sec | ETA: 55.3 min
  Progress: 41500/110507 (37.6%) | 20.8 samples/sec | ETA: 55.2 min
  Progress: 41600/110507 (37.6%) | 20.8 samples/sec | ETA: 55.1 min
  Progress: 41700/110507 (37.7%) | 20.8 samples/sec | ETA: 55.0 min
  Progress: 41800/110507 (37.8%) | 20.8 samples/sec | ETA: 55.0 min
  Progress: 41900/110507 (37.9%) | 20.8 samples/sec | ETA: 54.9 min
  Progress: 42000/110507 (38.0%) | 20.8 samples/sec | ETA: 54.8 min
  Progress: 42100/110507 (38.1%) | 20.8 samples/sec | ETA: 54.7 min
  Progress: 42200/110507 (38.2%) | 20.8 samples/sec | ETA: 54.6 min
  Progress: 42300/110507 (38.3%) | 20.8 samples/sec | ETA: 54.6 min
  Progress: 42400/110507 (38.4%) | 20.8 samples/sec | ETA: 54.5 min
  Progress: 42500/110507 (38.5%) | 20.8 samples/sec | ETA: 54.4 min
  Progress: 42600/110507 (38.5%) | 20.8 samples/sec | ETA: 54.3 min
  Progress: 42700/110507 (38.6%) | 20.8 samples/sec | ETA: 54.2 min
  Progress: 42800/110507 (38.7%) | 20.8 samples/sec | ETA: 54.2 min
  Progress: 42900/110507 (38.8%) | 20.8 samples/sec | ETA: 54.1 min
  Progress: 43000/110507 (38.9%) | 20.8 samples/sec | ETA: 54.0 min
  Progress: 43100/110507 (39.0%) | 20.8 samples/sec | ETA: 53.9 min
  Progress: 43200/110507 (39.1%) | 20.8 samples/sec | ETA: 53.8 min
  Progress: 43300/110507 (39.2%) | 20.8 samples/sec | ETA: 53.8 min
  Progress: 43400/110507 (39.3%) | 20.8 samples/sec | ETA: 53.7 min
  Progress: 43500/110507 (39.4%) | 20.8 samples/sec | ETA: 53.6 min
  Progress: 43600/110507 (39.5%) | 20.8 samples/sec | ETA: 53.5 min
  Progress: 43700/110507 (39.5%) | 20.8 samples/sec | ETA: 53.4 min
  Progress: 43800/110507 (39.6%) | 20.8 samples/sec | ETA: 53.4 min
  Progress: 43900/110507 (39.7%) | 20.8 samples/sec | ETA: 53.3 min
  Progress: 44000/110507 (39.8%) | 20.8 samples/sec | ETA: 53.2 min
  Progress: 44100/110507 (39.9%) | 20.8 samples/sec | ETA: 53.1 min
  Progress: 44200/110507 (40.0%) | 20.8 samples/sec | ETA: 53.0 min
  Progress: 44300/110507 (40.1%) | 20.8 samples/sec | ETA: 53.0 min
  Progress: 44400/110507 (40.2%) | 20.8 samples/sec | ETA: 52.9 min
  Progress: 44500/110507 (40.3%) | 20.8 samples/sec | ETA: 52.8 min
  Progress: 44600/110507 (40.4%) | 20.8 samples/sec | ETA: 52.7 min
  Progress: 44700/110507 (40.4%) | 20.8 samples/sec | ETA: 52.6 min
  Progress: 44800/110507 (40.5%) | 20.8 samples/sec | ETA: 52.6 min
  Progress: 44900/110507 (40.6%) | 20.8 samples/sec | ETA: 52.5 min
  Progress: 45000/110507 (40.7%) | 20.8 samples/sec | ETA: 52.4 min
  Progress: 45100/110507 (40.8%) | 20.8 samples/sec | ETA: 52.3 min
  Progress: 45200/110507 (40.9%) | 20.8 samples/sec | ETA: 52.2 min
  Progress: 45300/110507 (41.0%) | 20.8 samples/sec | ETA: 52.2 min
  Progress: 45400/110507 (41.1%) | 20.8 samples/sec | ETA: 52.1 min
  Progress: 45500/110507 (41.2%) | 20.8 samples/sec | ETA: 52.0 min
  Progress: 45600/110507 (41.3%) | 20.8 samples/sec | ETA: 51.9 min
  Progress: 45700/110507 (41.4%) | 20.8 samples/sec | ETA: 51.8 min
  Progress: 45800/110507 (41.4%) | 20.8 samples/sec | ETA: 51.8 min
  Progress: 45900/110507 (41.5%) | 20.8 samples/sec | ETA: 51.7 min
  Progress: 46000/110507 (41.6%) | 20.8 samples/sec | ETA: 51.6 min
  Progress: 46100/110507 (41.7%) | 20.8 samples/sec | ETA: 51.5 min
  Progress: 46200/110507 (41.8%) | 20.8 samples/sec | ETA: 51.4 min
  Progress: 46300/110507 (41.9%) | 20.8 samples/sec | ETA: 51.4 min
  Progress: 46400/110507 (42.0%) | 20.8 samples/sec | ETA: 51.3 min
  Progress: 46500/110507 (42.1%) | 20.8 samples/sec | ETA: 51.2 min
  Progress: 46600/110507 (42.2%) | 20.8 samples/sec | ETA: 51.1 min
  Progress: 46700/110507 (42.3%) | 20.8 samples/sec | ETA: 51.0 min
  Progress: 46800/110507 (42.4%) | 20.8 samples/sec | ETA: 51.0 min
  Progress: 46900/110507 (42.4%) | 20.8 samples/sec | ETA: 50.9 min
  Progress: 47000/110507 (42.5%) | 20.8 samples/sec | ETA: 50.8 min
  Progress: 47100/110507 (42.6%) | 20.8 samples/sec | ETA: 50.7 min
  Progress: 47200/110507 (42.7%) | 20.8 samples/sec | ETA: 50.6 min
  Progress: 47300/110507 (42.8%) | 20.8 samples/sec | ETA: 50.6 min
  Progress: 47400/110507 (42.9%) | 20.8 samples/sec | ETA: 50.5 min
  Progress: 47500/110507 (43.0%) | 20.8 samples/sec | ETA: 50.4 min
  Progress: 47600/110507 (43.1%) | 20.8 samples/sec | ETA: 50.3 min
  Progress: 47700/110507 (43.2%) | 20.8 samples/sec | ETA: 50.2 min
  Progress: 47800/110507 (43.3%) | 20.8 samples/sec | ETA: 50.2 min
  Progress: 47900/110507 (43.3%) | 20.8 samples/sec | ETA: 50.1 min
  Progress: 48000/110507 (43.4%) | 20.8 samples/sec | ETA: 50.0 min
  Progress: 48100/110507 (43.5%) | 20.8 samples/sec | ETA: 49.9 min
  Progress: 48200/110507 (43.6%) | 20.8 samples/sec | ETA: 49.8 min
  Progress: 48300/110507 (43.7%) | 20.8 samples/sec | ETA: 49.8 min
  Progress: 48400/110507 (43.8%) | 20.8 samples/sec | ETA: 49.7 min
  Progress: 48500/110507 (43.9%) | 20.8 samples/sec | ETA: 49.6 min
  Progress: 48600/110507 (44.0%) | 20.8 samples/sec | ETA: 49.5 min
  Progress: 48700/110507 (44.1%) | 20.8 samples/sec | ETA: 49.4 min
  Progress: 48800/110507 (44.2%) | 20.8 samples/sec | ETA: 49.4 min
  Progress: 48900/110507 (44.3%) | 20.8 samples/sec | ETA: 49.3 min
  Progress: 49000/110507 (44.3%) | 20.8 samples/sec | ETA: 49.2 min
  Progress: 49100/110507 (44.4%) | 20.8 samples/sec | ETA: 49.1 min
  Progress: 49200/110507 (44.5%) | 20.8 samples/sec | ETA: 49.0 min
  Progress: 49300/110507 (44.6%) | 20.8 samples/sec | ETA: 49.0 min
  Progress: 49400/110507 (44.7%) | 20.8 samples/sec | ETA: 48.9 min
  Progress: 49500/110507 (44.8%) | 20.8 samples/sec | ETA: 48.8 min
  Progress: 49600/110507 (44.9%) | 20.8 samples/sec | ETA: 48.7 min
  Progress: 49700/110507 (45.0%) | 20.8 samples/sec | ETA: 48.6 min
  Progress: 49800/110507 (45.1%) | 20.8 samples/sec | ETA: 48.6 min
  Progress: 49900/110507 (45.2%) | 20.8 samples/sec | ETA: 48.5 min
  Progress: 50000/110507 (45.2%) | 20.8 samples/sec | ETA: 48.4 min
  Progress: 50100/110507 (45.3%) | 20.8 samples/sec | ETA: 48.3 min
  Progress: 50200/110507 (45.4%) | 20.8 samples/sec | ETA: 48.2 min
  Progress: 50300/110507 (45.5%) | 20.8 samples/sec | ETA: 48.2 min
  Progress: 50400/110507 (45.6%) | 20.8 samples/sec | ETA: 48.1 min
  Progress: 50500/110507 (45.7%) | 20.8 samples/sec | ETA: 48.0 min
  Progress: 50600/110507 (45.8%) | 20.8 samples/sec | ETA: 47.9 min
  Progress: 50700/110507 (45.9%) | 20.8 samples/sec | ETA: 47.8 min
  Progress: 50800/110507 (46.0%) | 20.8 samples/sec | ETA: 47.8 min
  Progress: 50900/110507 (46.1%) | 20.8 samples/sec | ETA: 47.7 min
  Progress: 51000/110507 (46.2%) | 20.8 samples/sec | ETA: 47.6 min
  Progress: 51100/110507 (46.2%) | 20.8 samples/sec | ETA: 47.5 min
  Progress: 51200/110507 (46.3%) | 20.8 samples/sec | ETA: 47.4 min
  Progress: 51300/110507 (46.4%) | 20.8 samples/sec | ETA: 47.4 min
  Progress: 51400/110507 (46.5%) | 20.8 samples/sec | ETA: 47.3 min
  Progress: 51500/110507 (46.6%) | 20.8 samples/sec | ETA: 47.2 min
  Progress: 51600/110507 (46.7%) | 20.8 samples/sec | ETA: 47.1 min
  Progress: 51700/110507 (46.8%) | 20.8 samples/sec | ETA: 47.0 min
  Progress: 51800/110507 (46.9%) | 20.8 samples/sec | ETA: 47.0 min
  Progress: 51900/110507 (47.0%) | 20.8 samples/sec | ETA: 46.9 min
  Progress: 52000/110507 (47.1%) | 20.8 samples/sec | ETA: 46.8 min
  Progress: 52100/110507 (47.1%) | 20.8 samples/sec | ETA: 46.7 min
  Progress: 52200/110507 (47.2%) | 20.8 samples/sec | ETA: 46.6 min
  Progress: 52300/110507 (47.3%) | 20.8 samples/sec | ETA: 46.6 min
  Progress: 52400/110507 (47.4%) | 20.8 samples/sec | ETA: 46.5 min
  Progress: 52500/110507 (47.5%) | 20.8 samples/sec | ETA: 46.4 min
  Progress: 52600/110507 (47.6%) | 20.8 samples/sec | ETA: 46.3 min
  Progress: 52700/110507 (47.7%) | 20.8 samples/sec | ETA: 46.2 min
  Progress: 52800/110507 (47.8%) | 20.8 samples/sec | ETA: 46.2 min
  Progress: 52900/110507 (47.9%) | 20.8 samples/sec | ETA: 46.1 min
  Progress: 53000/110507 (48.0%) | 20.8 samples/sec | ETA: 46.0 min
  Progress: 53100/110507 (48.1%) | 20.8 samples/sec | ETA: 45.9 min
  Progress: 53200/110507 (48.1%) | 20.8 samples/sec | ETA: 45.8 min
  Progress: 53300/110507 (48.2%) | 20.8 samples/sec | ETA: 45.8 min
  Progress: 53400/110507 (48.3%) | 20.8 samples/sec | ETA: 45.7 min
  Progress: 53500/110507 (48.4%) | 20.8 samples/sec | ETA: 45.6 min
  Progress: 53600/110507 (48.5%) | 20.8 samples/sec | ETA: 45.5 min
  Progress: 53700/110507 (48.6%) | 20.8 samples/sec | ETA: 45.4 min
  Progress: 53800/110507 (48.7%) | 20.8 samples/sec | ETA: 45.4 min
  Progress: 53900/110507 (48.8%) | 20.8 samples/sec | ETA: 45.3 min
  Progress: 54000/110507 (48.9%) | 20.8 samples/sec | ETA: 45.2 min
  Progress: 54100/110507 (49.0%) | 20.8 samples/sec | ETA: 45.1 min
  Progress: 54200/110507 (49.0%) | 20.8 samples/sec | ETA: 45.0 min
  Progress: 54300/110507 (49.1%) | 20.8 samples/sec | ETA: 45.0 min
  Progress: 54400/110507 (49.2%) | 20.8 samples/sec | ETA: 44.9 min
  Progress: 54500/110507 (49.3%) | 20.8 samples/sec | ETA: 44.8 min
  Progress: 54600/110507 (49.4%) | 20.8 samples/sec | ETA: 44.7 min
  Progress: 54700/110507 (49.5%) | 20.8 samples/sec | ETA: 44.6 min
  Progress: 54800/110507 (49.6%) | 20.8 samples/sec | ETA: 44.6 min
  Progress: 54900/110507 (49.7%) | 20.8 samples/sec | ETA: 44.5 min
  Progress: 55000/110507 (49.8%) | 20.8 samples/sec | ETA: 44.4 min
  Progress: 55100/110507 (49.9%) | 20.8 samples/sec | ETA: 44.3 min
  Progress: 55200/110507 (50.0%) | 20.8 samples/sec | ETA: 44.2 min
  Progress: 55300/110507 (50.0%) | 20.8 samples/sec | ETA: 44.2 min
  Progress: 55400/110507 (50.1%) | 20.8 samples/sec | ETA: 44.1 min
  Progress: 55500/110507 (50.2%) | 20.8 samples/sec | ETA: 44.0 min
  Progress: 55600/110507 (50.3%) | 20.8 samples/sec | ETA: 43.9 min
  Progress: 55700/110507 (50.4%) | 20.8 samples/sec | ETA: 43.8 min
  Progress: 55800/110507 (50.5%) | 20.8 samples/sec | ETA: 43.8 min
  Progress: 55900/110507 (50.6%) | 20.8 samples/sec | ETA: 43.7 min
  Progress: 56000/110507 (50.7%) | 20.8 samples/sec | ETA: 43.6 min
  Progress: 56100/110507 (50.8%) | 20.8 samples/sec | ETA: 43.5 min
  Progress: 56200/110507 (50.9%) | 20.8 samples/sec | ETA: 43.5 min
  Progress: 56300/110507 (50.9%) | 20.8 samples/sec | ETA: 43.4 min
  Progress: 56400/110507 (51.0%) | 20.8 samples/sec | ETA: 43.3 min
  Progress: 56500/110507 (51.1%) | 20.8 samples/sec | ETA: 43.2 min
  Progress: 56600/110507 (51.2%) | 20.8 samples/sec | ETA: 43.1 min
  Progress: 56700/110507 (51.3%) | 20.8 samples/sec | ETA: 43.1 min
  Progress: 56800/110507 (51.4%) | 20.8 samples/sec | ETA: 43.0 min
  Progress: 56900/110507 (51.5%) | 20.8 samples/sec | ETA: 42.9 min
  Progress: 57000/110507 (51.6%) | 20.8 samples/sec | ETA: 42.8 min
  Progress: 57100/110507 (51.7%) | 20.8 samples/sec | ETA: 42.7 min
  Progress: 57200/110507 (51.8%) | 20.8 samples/sec | ETA: 42.7 min
  Progress: 57300/110507 (51.9%) | 20.8 samples/sec | ETA: 42.6 min
  Progress: 57400/110507 (51.9%) | 20.8 samples/sec | ETA: 42.5 min
  Progress: 57500/110507 (52.0%) | 20.8 samples/sec | ETA: 42.4 min
  Progress: 57600/110507 (52.1%) | 20.8 samples/sec | ETA: 42.3 min
  Progress: 57700/110507 (52.2%) | 20.8 samples/sec | ETA: 42.3 min
  Progress: 57800/110507 (52.3%) | 20.8 samples/sec | ETA: 42.2 min
  Progress: 57900/110507 (52.4%) | 20.8 samples/sec | ETA: 42.1 min
  Progress: 58000/110507 (52.5%) | 20.8 samples/sec | ETA: 42.0 min
  Progress: 58100/110507 (52.6%) | 20.8 samples/sec | ETA: 41.9 min
  Progress: 58200/110507 (52.7%) | 20.8 samples/sec | ETA: 41.9 min
  Progress: 58300/110507 (52.8%) | 20.8 samples/sec | ETA: 41.8 min
  Progress: 58400/110507 (52.8%) | 20.8 samples/sec | ETA: 41.7 min
  Progress: 58500/110507 (52.9%) | 20.8 samples/sec | ETA: 41.6 min
  Progress: 58600/110507 (53.0%) | 20.8 samples/sec | ETA: 41.5 min
  Progress: 58700/110507 (53.1%) | 20.8 samples/sec | ETA: 41.5 min
  Progress: 58800/110507 (53.2%) | 20.8 samples/sec | ETA: 41.4 min
  Progress: 58900/110507 (53.3%) | 20.8 samples/sec | ETA: 41.3 min
  Progress: 59000/110507 (53.4%) | 20.8 samples/sec | ETA: 41.2 min
  Progress: 59100/110507 (53.5%) | 20.8 samples/sec | ETA: 41.1 min
  Progress: 59200/110507 (53.6%) | 20.8 samples/sec | ETA: 41.1 min
  Progress: 59300/110507 (53.7%) | 20.8 samples/sec | ETA: 41.0 min
  Progress: 59400/110507 (53.8%) | 20.8 samples/sec | ETA: 40.9 min
  Progress: 59500/110507 (53.8%) | 20.8 samples/sec | ETA: 40.8 min
  Progress: 59600/110507 (53.9%) | 20.8 samples/sec | ETA: 40.7 min
  Progress: 59700/110507 (54.0%) | 20.8 samples/sec | ETA: 40.7 min
  Progress: 59800/110507 (54.1%) | 20.8 samples/sec | ETA: 40.6 min
  Progress: 59900/110507 (54.2%) | 20.8 samples/sec | ETA: 40.5 min
  Progress: 60000/110507 (54.3%) | 20.8 samples/sec | ETA: 40.4 min
  Progress: 60100/110507 (54.4%) | 20.8 samples/sec | ETA: 40.3 min
  Progress: 60200/110507 (54.5%) | 20.8 samples/sec | ETA: 40.3 min
  Progress: 60300/110507 (54.6%) | 20.8 samples/sec | ETA: 40.2 min
  Progress: 60400/110507 (54.7%) | 20.8 samples/sec | ETA: 40.1 min
  Progress: 60500/110507 (54.7%) | 20.8 samples/sec | ETA: 40.0 min
  Progress: 60600/110507 (54.8%) | 20.8 samples/sec | ETA: 39.9 min
  Progress: 60700/110507 (54.9%) | 20.8 samples/sec | ETA: 39.9 min
  Progress: 60800/110507 (55.0%) | 20.8 samples/sec | ETA: 39.8 min
  Progress: 60900/110507 (55.1%) | 20.8 samples/sec | ETA: 39.7 min
  Progress: 61000/110507 (55.2%) | 20.8 samples/sec | ETA: 39.6 min
  Progress: 61100/110507 (55.3%) | 20.8 samples/sec | ETA: 39.5 min
  Progress: 61200/110507 (55.4%) | 20.8 samples/sec | ETA: 39.5 min
  Progress: 61300/110507 (55.5%) | 20.8 samples/sec | ETA: 39.4 min
  Progress: 61400/110507 (55.6%) | 20.8 samples/sec | ETA: 39.3 min
  Progress: 61500/110507 (55.7%) | 20.8 samples/sec | ETA: 39.2 min
  Progress: 61600/110507 (55.7%) | 20.8 samples/sec | ETA: 39.1 min
  Progress: 61700/110507 (55.8%) | 20.8 samples/sec | ETA: 39.1 min
  Progress: 61800/110507 (55.9%) | 20.8 samples/sec | ETA: 39.0 min
  Progress: 61900/110507 (56.0%) | 20.8 samples/sec | ETA: 38.9 min
  Progress: 62000/110507 (56.1%) | 20.8 samples/sec | ETA: 38.8 min
  Progress: 62100/110507 (56.2%) | 20.8 samples/sec | ETA: 38.7 min
  Progress: 62200/110507 (56.3%) | 20.8 samples/sec | ETA: 38.7 min
  Progress: 62300/110507 (56.4%) | 20.8 samples/sec | ETA: 38.6 min
  Progress: 62400/110507 (56.5%) | 20.8 samples/sec | ETA: 38.5 min
  Progress: 62500/110507 (56.6%) | 20.8 samples/sec | ETA: 38.4 min
  Progress: 62600/110507 (56.6%) | 20.8 samples/sec | ETA: 38.3 min
  Progress: 62700/110507 (56.7%) | 20.8 samples/sec | ETA: 38.3 min
  Progress: 62800/110507 (56.8%) | 20.8 samples/sec | ETA: 38.2 min
  Progress: 62900/110507 (56.9%) | 20.8 samples/sec | ETA: 38.1 min
  Progress: 63000/110507 (57.0%) | 20.8 samples/sec | ETA: 38.0 min
  Progress: 63100/110507 (57.1%) | 20.8 samples/sec | ETA: 37.9 min
  Progress: 63200/110507 (57.2%) | 20.8 samples/sec | ETA: 37.9 min
  Progress: 63300/110507 (57.3%) | 20.8 samples/sec | ETA: 37.8 min
  Progress: 63400/110507 (57.4%) | 20.8 samples/sec | ETA: 37.7 min
  Progress: 63500/110507 (57.5%) | 20.8 samples/sec | ETA: 37.6 min
  Progress: 63600/110507 (57.6%) | 20.8 samples/sec | ETA: 37.5 min
  Progress: 63700/110507 (57.6%) | 20.8 samples/sec | ETA: 37.5 min
  Progress: 63800/110507 (57.7%) | 20.8 samples/sec | ETA: 37.4 min
  Progress: 63900/110507 (57.8%) | 20.8 samples/sec | ETA: 37.3 min
  Progress: 64000/110507 (57.9%) | 20.8 samples/sec | ETA: 37.2 min
  Progress: 64100/110507 (58.0%) | 20.8 samples/sec | ETA: 37.1 min
  Progress: 64200/110507 (58.1%) | 20.8 samples/sec | ETA: 37.1 min
  Progress: 64300/110507 (58.2%) | 20.8 samples/sec | ETA: 37.0 min
  Progress: 64400/110507 (58.3%) | 20.8 samples/sec | ETA: 36.9 min
  Progress: 64500/110507 (58.4%) | 20.8 samples/sec | ETA: 36.8 min
  Progress: 64600/110507 (58.5%) | 20.8 samples/sec | ETA: 36.7 min
  Progress: 64700/110507 (58.5%) | 20.8 samples/sec | ETA: 36.7 min
  Progress: 64800/110507 (58.6%) | 20.8 samples/sec | ETA: 36.6 min
  Progress: 64900/110507 (58.7%) | 20.8 samples/sec | ETA: 36.5 min
  Progress: 65000/110507 (58.8%) | 20.8 samples/sec | ETA: 36.4 min
  Progress: 65100/110507 (58.9%) | 20.8 samples/sec | ETA: 36.3 min
  Progress: 65200/110507 (59.0%) | 20.8 samples/sec | ETA: 36.3 min
  Progress: 65300/110507 (59.1%) | 20.8 samples/sec | ETA: 36.2 min
  Progress: 65400/110507 (59.2%) | 20.8 samples/sec | ETA: 36.1 min
  Progress: 65500/110507 (59.3%) | 20.8 samples/sec | ETA: 36.0 min
  Progress: 65600/110507 (59.4%) | 20.8 samples/sec | ETA: 35.9 min
  Progress: 65700/110507 (59.5%) | 20.8 samples/sec | ETA: 35.9 min
  Progress: 65800/110507 (59.5%) | 20.8 samples/sec | ETA: 35.8 min
  Progress: 65900/110507 (59.6%) | 20.8 samples/sec | ETA: 35.7 min
  Progress: 66000/110507 (59.7%) | 20.8 samples/sec | ETA: 35.6 min
  Progress: 66100/110507 (59.8%) | 20.8 samples/sec | ETA: 35.5 min
  Progress: 66200/110507 (59.9%) | 20.8 samples/sec | ETA: 35.5 min
  Progress: 66300/110507 (60.0%) | 20.8 samples/sec | ETA: 35.4 min
  Progress: 66400/110507 (60.1%) | 20.8 samples/sec | ETA: 35.3 min
  Progress: 66500/110507 (60.2%) | 20.8 samples/sec | ETA: 35.2 min
  Progress: 66600/110507 (60.3%) | 20.8 samples/sec | ETA: 35.1 min
  Progress: 66700/110507 (60.4%) | 20.8 samples/sec | ETA: 35.1 min
  Progress: 66800/110507 (60.4%) | 20.8 samples/sec | ETA: 35.0 min
  Progress: 66900/110507 (60.5%) | 20.8 samples/sec | ETA: 34.9 min
  Progress: 67000/110507 (60.6%) | 20.8 samples/sec | ETA: 34.8 min
  Progress: 67100/110507 (60.7%) | 20.8 samples/sec | ETA: 34.7 min
  Progress: 67200/110507 (60.8%) | 20.8 samples/sec | ETA: 34.7 min
  Progress: 67300/110507 (60.9%) | 20.8 samples/sec | ETA: 34.6 min
  Progress: 67400/110507 (61.0%) | 20.8 samples/sec | ETA: 34.5 min
  Progress: 67500/110507 (61.1%) | 20.8 samples/sec | ETA: 34.4 min
  Progress: 67600/110507 (61.2%) | 20.8 samples/sec | ETA: 34.3 min
  Progress: 67700/110507 (61.3%) | 20.8 samples/sec | ETA: 34.3 min
  Progress: 67800/110507 (61.4%) | 20.8 samples/sec | ETA: 34.2 min
  Progress: 67900/110507 (61.4%) | 20.8 samples/sec | ETA: 34.1 min
  Progress: 68000/110507 (61.5%) | 20.8 samples/sec | ETA: 34.0 min
  Progress: 68100/110507 (61.6%) | 20.8 samples/sec | ETA: 33.9 min
  Progress: 68200/110507 (61.7%) | 20.8 samples/sec | ETA: 33.9 min
  Progress: 68300/110507 (61.8%) | 20.8 samples/sec | ETA: 33.8 min
  Progress: 68400/110507 (61.9%) | 20.8 samples/sec | ETA: 33.7 min
  Progress: 68500/110507 (62.0%) | 20.8 samples/sec | ETA: 33.6 min
  Progress: 68600/110507 (62.1%) | 20.8 samples/sec | ETA: 33.5 min
  Progress: 68700/110507 (62.2%) | 20.8 samples/sec | ETA: 33.5 min
  Progress: 68800/110507 (62.3%) | 20.8 samples/sec | ETA: 33.4 min
  Progress: 68900/110507 (62.3%) | 20.8 samples/sec | ETA: 33.3 min
  Progress: 69000/110507 (62.4%) | 20.8 samples/sec | ETA: 33.2 min
  Progress: 69100/110507 (62.5%) | 20.8 samples/sec | ETA: 33.1 min
  Progress: 69200/110507 (62.6%) | 20.8 samples/sec | ETA: 33.1 min
  Progress: 69300/110507 (62.7%) | 20.8 samples/sec | ETA: 33.0 min
  Progress: 69400/110507 (62.8%) | 20.8 samples/sec | ETA: 32.9 min
  Progress: 69500/110507 (62.9%) | 20.8 samples/sec | ETA: 32.8 min
  Progress: 69600/110507 (63.0%) | 20.8 samples/sec | ETA: 32.7 min
  Progress: 69700/110507 (63.1%) | 20.8 samples/sec | ETA: 32.7 min
  Progress: 69800/110507 (63.2%) | 20.8 samples/sec | ETA: 32.6 min
  Progress: 69900/110507 (63.3%) | 20.8 samples/sec | ETA: 32.5 min
  Progress: 70000/110507 (63.3%) | 20.8 samples/sec | ETA: 32.4 min
  Progress: 70100/110507 (63.4%) | 20.8 samples/sec | ETA: 32.3 min
  Progress: 70200/110507 (63.5%) | 20.8 samples/sec | ETA: 32.3 min
  Progress: 70300/110507 (63.6%) | 20.8 samples/sec | ETA: 32.2 min
  Progress: 70400/110507 (63.7%) | 20.8 samples/sec | ETA: 32.1 min
  Progress: 70500/110507 (63.8%) | 20.8 samples/sec | ETA: 32.0 min
  Progress: 70600/110507 (63.9%) | 20.8 samples/sec | ETA: 31.9 min
  Progress: 70700/110507 (64.0%) | 20.8 samples/sec | ETA: 31.9 min
  Progress: 70800/110507 (64.1%) | 20.8 samples/sec | ETA: 31.8 min
  Progress: 70900/110507 (64.2%) | 20.8 samples/sec | ETA: 31.7 min
  Progress: 71000/110507 (64.2%) | 20.8 samples/sec | ETA: 31.6 min
  Progress: 71100/110507 (64.3%) | 20.8 samples/sec | ETA: 31.5 min
  Progress: 71200/110507 (64.4%) | 20.8 samples/sec | ETA: 31.5 min
  Progress: 71300/110507 (64.5%) | 20.8 samples/sec | ETA: 31.4 min
  Progress: 71400/110507 (64.6%) | 20.8 samples/sec | ETA: 31.3 min
  Progress: 71500/110507 (64.7%) | 20.8 samples/sec | ETA: 31.2 min
  Progress: 71600/110507 (64.8%) | 20.8 samples/sec | ETA: 31.1 min
  Progress: 71700/110507 (64.9%) | 20.8 samples/sec | ETA: 31.1 min
  Progress: 71800/110507 (65.0%) | 20.8 samples/sec | ETA: 31.0 min
  Progress: 71900/110507 (65.1%) | 20.8 samples/sec | ETA: 30.9 min
  Progress: 72000/110507 (65.2%) | 20.8 samples/sec | ETA: 30.8 min
  Progress: 72100/110507 (65.2%) | 20.8 samples/sec | ETA: 30.7 min
  Progress: 72200/110507 (65.3%) | 20.8 samples/sec | ETA: 30.7 min
  Progress: 72300/110507 (65.4%) | 20.8 samples/sec | ETA: 30.6 min
  Progress: 72400/110507 (65.5%) | 20.8 samples/sec | ETA: 30.5 min
  Progress: 72500/110507 (65.6%) | 20.8 samples/sec | ETA: 30.4 min
  Progress: 72600/110507 (65.7%) | 20.8 samples/sec | ETA: 30.3 min
  Progress: 72700/110507 (65.8%) | 20.8 samples/sec | ETA: 30.3 min
  Progress: 72800/110507 (65.9%) | 20.8 samples/sec | ETA: 30.2 min
  Progress: 72900/110507 (66.0%) | 20.8 samples/sec | ETA: 30.1 min
  Progress: 73000/110507 (66.1%) | 20.8 samples/sec | ETA: 30.0 min
  Progress: 73100/110507 (66.1%) | 20.8 samples/sec | ETA: 29.9 min
  Progress: 73200/110507 (66.2%) | 20.8 samples/sec | ETA: 29.9 min
  Progress: 73300/110507 (66.3%) | 20.8 samples/sec | ETA: 29.8 min
  Progress: 73400/110507 (66.4%) | 20.8 samples/sec | ETA: 29.7 min
  Progress: 73500/110507 (66.5%) | 20.8 samples/sec | ETA: 29.6 min
  Progress: 73600/110507 (66.6%) | 20.8 samples/sec | ETA: 29.5 min
  Progress: 73700/110507 (66.7%) | 20.8 samples/sec | ETA: 29.5 min
  Progress: 73800/110507 (66.8%) | 20.8 samples/sec | ETA: 29.4 min
  Progress: 73900/110507 (66.9%) | 20.8 samples/sec | ETA: 29.3 min
  Progress: 74000/110507 (67.0%) | 20.8 samples/sec | ETA: 29.2 min
  Progress: 74100/110507 (67.1%) | 20.8 samples/sec | ETA: 29.1 min
  Progress: 74200/110507 (67.1%) | 20.8 samples/sec | ETA: 29.1 min
  Progress: 74300/110507 (67.2%) | 20.8 samples/sec | ETA: 29.0 min
  Progress: 74400/110507 (67.3%) | 20.8 samples/sec | ETA: 28.9 min
  Progress: 74500/110507 (67.4%) | 20.8 samples/sec | ETA: 28.8 min
  Progress: 74600/110507 (67.5%) | 20.8 samples/sec | ETA: 28.7 min
  Progress: 74700/110507 (67.6%) | 20.8 samples/sec | ETA: 28.7 min
  Progress: 74800/110507 (67.7%) | 20.8 samples/sec | ETA: 28.6 min
  Progress: 74900/110507 (67.8%) | 20.8 samples/sec | ETA: 28.5 min
  Progress: 75000/110507 (67.9%) | 20.8 samples/sec | ETA: 28.4 min
  Progress: 75100/110507 (68.0%) | 20.8 samples/sec | ETA: 28.3 min
  Progress: 75200/110507 (68.0%) | 20.8 samples/sec | ETA: 28.3 min
  Progress: 75300/110507 (68.1%) | 20.8 samples/sec | ETA: 28.2 min
  Progress: 75400/110507 (68.2%) | 20.8 samples/sec | ETA: 28.1 min
  Progress: 75500/110507 (68.3%) | 20.8 samples/sec | ETA: 28.0 min
  Progress: 75600/110507 (68.4%) | 20.8 samples/sec | ETA: 27.9 min
  Progress: 75700/110507 (68.5%) | 20.8 samples/sec | ETA: 27.9 min
  Progress: 75800/110507 (68.6%) | 20.8 samples/sec | ETA: 27.8 min
  Progress: 75900/110507 (68.7%) | 20.8 samples/sec | ETA: 27.7 min
  Progress: 76000/110507 (68.8%) | 20.8 samples/sec | ETA: 27.6 min
  Progress: 76100/110507 (68.9%) | 20.8 samples/sec | ETA: 27.5 min
  Progress: 76200/110507 (69.0%) | 20.8 samples/sec | ETA: 27.5 min
  Progress: 76300/110507 (69.0%) | 20.8 samples/sec | ETA: 27.4 min
  Progress: 76400/110507 (69.1%) | 20.8 samples/sec | ETA: 27.3 min
  Progress: 76500/110507 (69.2%) | 20.8 samples/sec | ETA: 27.2 min
  Progress: 76600/110507 (69.3%) | 20.8 samples/sec | ETA: 27.1 min
  Progress: 76700/110507 (69.4%) | 20.8 samples/sec | ETA: 27.1 min
  Progress: 76800/110507 (69.5%) | 20.8 samples/sec | ETA: 27.0 min
  Progress: 76900/110507 (69.6%) | 20.8 samples/sec | ETA: 26.9 min
  Progress: 77000/110507 (69.7%) | 20.8 samples/sec | ETA: 26.8 min
  Progress: 77100/110507 (69.8%) | 20.8 samples/sec | ETA: 26.7 min
  Progress: 77200/110507 (69.9%) | 20.8 samples/sec | ETA: 26.7 min
  Progress: 77300/110507 (70.0%) | 20.8 samples/sec | ETA: 26.6 min
  Progress: 77400/110507 (70.0%) | 20.8 samples/sec | ETA: 26.5 min
  Progress: 77500/110507 (70.1%) | 20.8 samples/sec | ETA: 26.4 min
  Progress: 77600/110507 (70.2%) | 20.8 samples/sec | ETA: 26.3 min
  Progress: 77700/110507 (70.3%) | 20.8 samples/sec | ETA: 26.3 min
  Progress: 77800/110507 (70.4%) | 20.8 samples/sec | ETA: 26.2 min
  Progress: 77900/110507 (70.5%) | 20.8 samples/sec | ETA: 26.1 min
  Progress: 78000/110507 (70.6%) | 20.8 samples/sec | ETA: 26.0 min
  Progress: 78100/110507 (70.7%) | 20.8 samples/sec | ETA: 25.9 min
  Progress: 78200/110507 (70.8%) | 20.8 samples/sec | ETA: 25.9 min
  Progress: 78300/110507 (70.9%) | 20.8 samples/sec | ETA: 25.8 min
  Progress: 78400/110507 (70.9%) | 20.8 samples/sec | ETA: 25.7 min
  Progress: 78500/110507 (71.0%) | 20.8 samples/sec | ETA: 25.6 min
  Progress: 78600/110507 (71.1%) | 20.8 samples/sec | ETA: 25.5 min
  Progress: 78700/110507 (71.2%) | 20.8 samples/sec | ETA: 25.5 min
  Progress: 78800/110507 (71.3%) | 20.8 samples/sec | ETA: 25.4 min
  Progress: 78900/110507 (71.4%) | 20.8 samples/sec | ETA: 25.3 min
  Progress: 79000/110507 (71.5%) | 20.8 samples/sec | ETA: 25.2 min
  Progress: 79100/110507 (71.6%) | 20.8 samples/sec | ETA: 25.1 min
  Progress: 79200/110507 (71.7%) | 20.8 samples/sec | ETA: 25.1 min
  Progress: 79300/110507 (71.8%) | 20.8 samples/sec | ETA: 25.0 min
  Progress: 79400/110507 (71.9%) | 20.8 samples/sec | ETA: 24.9 min
  Progress: 79500/110507 (71.9%) | 20.8 samples/sec | ETA: 24.8 min
  Progress: 79600/110507 (72.0%) | 20.8 samples/sec | ETA: 24.7 min
  Progress: 79700/110507 (72.1%) | 20.8 samples/sec | ETA: 24.7 min
  Progress: 79800/110507 (72.2%) | 20.8 samples/sec | ETA: 24.6 min
  Progress: 79900/110507 (72.3%) | 20.8 samples/sec | ETA: 24.5 min
  Progress: 80000/110507 (72.4%) | 20.8 samples/sec | ETA: 24.4 min
  Progress: 80100/110507 (72.5%) | 20.8 samples/sec | ETA: 24.3 min
  Progress: 80200/110507 (72.6%) | 20.8 samples/sec | ETA: 24.3 min
  Progress: 80300/110507 (72.7%) | 20.8 samples/sec | ETA: 24.2 min
  Progress: 80400/110507 (72.8%) | 20.8 samples/sec | ETA: 24.1 min
  Progress: 80500/110507 (72.8%) | 20.8 samples/sec | ETA: 24.0 min
  Progress: 80600/110507 (72.9%) | 20.8 samples/sec | ETA: 23.9 min
  Progress: 80700/110507 (73.0%) | 20.8 samples/sec | ETA: 23.9 min
  Progress: 80800/110507 (73.1%) | 20.8 samples/sec | ETA: 23.8 min
  Progress: 80900/110507 (73.2%) | 20.8 samples/sec | ETA: 23.7 min
  Progress: 81000/110507 (73.3%) | 20.8 samples/sec | ETA: 23.6 min
  Progress: 81100/110507 (73.4%) | 20.8 samples/sec | ETA: 23.5 min
  Progress: 81200/110507 (73.5%) | 20.8 samples/sec | ETA: 23.5 min
  Progress: 81300/110507 (73.6%) | 20.8 samples/sec | ETA: 23.4 min
  Progress: 81400/110507 (73.7%) | 20.8 samples/sec | ETA: 23.3 min
  Progress: 81500/110507 (73.8%) | 20.8 samples/sec | ETA: 23.2 min
  Progress: 81600/110507 (73.8%) | 20.8 samples/sec | ETA: 23.1 min
  Progress: 81700/110507 (73.9%) | 20.8 samples/sec | ETA: 23.1 min
  Progress: 81800/110507 (74.0%) | 20.8 samples/sec | ETA: 23.0 min
  Progress: 81900/110507 (74.1%) | 20.8 samples/sec | ETA: 22.9 min
  Progress: 82000/110507 (74.2%) | 20.8 samples/sec | ETA: 22.8 min
  Progress: 82100/110507 (74.3%) | 20.8 samples/sec | ETA: 22.7 min
  Progress: 82200/110507 (74.4%) | 20.8 samples/sec | ETA: 22.7 min
  Progress: 82300/110507 (74.5%) | 20.8 samples/sec | ETA: 22.6 min
  Progress: 82400/110507 (74.6%) | 20.8 samples/sec | ETA: 22.5 min
  Progress: 82500/110507 (74.7%) | 20.8 samples/sec | ETA: 22.4 min
  Progress: 82600/110507 (74.7%) | 20.8 samples/sec | ETA: 22.3 min
  Progress: 82700/110507 (74.8%) | 20.8 samples/sec | ETA: 22.3 min
  Progress: 82800/110507 (74.9%) | 20.8 samples/sec | ETA: 22.2 min
  Progress: 82900/110507 (75.0%) | 20.8 samples/sec | ETA: 22.1 min
  Progress: 83000/110507 (75.1%) | 20.8 samples/sec | ETA: 22.0 min
  Progress: 83100/110507 (75.2%) | 20.8 samples/sec | ETA: 21.9 min
  Progress: 83200/110507 (75.3%) | 20.8 samples/sec | ETA: 21.9 min
  Progress: 83300/110507 (75.4%) | 20.8 samples/sec | ETA: 21.8 min
  Progress: 83400/110507 (75.5%) | 20.8 samples/sec | ETA: 21.7 min
  Progress: 83500/110507 (75.6%) | 20.8 samples/sec | ETA: 21.6 min
  Progress: 83600/110507 (75.7%) | 20.8 samples/sec | ETA: 21.5 min
  Progress: 83700/110507 (75.7%) | 20.8 samples/sec | ETA: 21.5 min
  Progress: 83800/110507 (75.8%) | 20.8 samples/sec | ETA: 21.4 min
  Progress: 83900/110507 (75.9%) | 20.8 samples/sec | ETA: 21.3 min
  Progress: 84000/110507 (76.0%) | 20.8 samples/sec | ETA: 21.2 min
  Progress: 84100/110507 (76.1%) | 20.8 samples/sec | ETA: 21.1 min
  Progress: 84200/110507 (76.2%) | 20.8 samples/sec | ETA: 21.1 min
  Progress: 84300/110507 (76.3%) | 20.8 samples/sec | ETA: 21.0 min
  Progress: 84400/110507 (76.4%) | 20.8 samples/sec | ETA: 20.9 min
  Progress: 84500/110507 (76.5%) | 20.8 samples/sec | ETA: 20.8 min
  Progress: 84600/110507 (76.6%) | 20.8 samples/sec | ETA: 20.7 min
  Progress: 84700/110507 (76.6%) | 20.8 samples/sec | ETA: 20.7 min
  Progress: 84800/110507 (76.7%) | 20.8 samples/sec | ETA: 20.6 min
  Progress: 84900/110507 (76.8%) | 20.8 samples/sec | ETA: 20.5 min
  Progress: 85000/110507 (76.9%) | 20.8 samples/sec | ETA: 20.4 min
  Progress: 85100/110507 (77.0%) | 20.8 samples/sec | ETA: 20.3 min
  Progress: 85200/110507 (77.1%) | 20.8 samples/sec | ETA: 20.3 min
  Progress: 85300/110507 (77.2%) | 20.8 samples/sec | ETA: 20.2 min
  Progress: 85400/110507 (77.3%) | 20.8 samples/sec | ETA: 20.1 min
  Progress: 85500/110507 (77.4%) | 20.8 samples/sec | ETA: 20.0 min
  Progress: 85600/110507 (77.5%) | 20.8 samples/sec | ETA: 19.9 min
  Progress: 85700/110507 (77.6%) | 20.8 samples/sec | ETA: 19.9 min
  Progress: 85800/110507 (77.6%) | 20.8 samples/sec | ETA: 19.8 min
  Progress: 85900/110507 (77.7%) | 20.8 samples/sec | ETA: 19.7 min
  Progress: 86000/110507 (77.8%) | 20.8 samples/sec | ETA: 19.6 min
  Progress: 86100/110507 (77.9%) | 20.8 samples/sec | ETA: 19.5 min
  Progress: 86200/110507 (78.0%) | 20.8 samples/sec | ETA: 19.5 min
  Progress: 86300/110507 (78.1%) | 20.8 samples/sec | ETA: 19.4 min
  Progress: 86400/110507 (78.2%) | 20.8 samples/sec | ETA: 19.3 min
  Progress: 86500/110507 (78.3%) | 20.8 samples/sec | ETA: 19.2 min
  Progress: 86600/110507 (78.4%) | 20.8 samples/sec | ETA: 19.1 min
  Progress: 86700/110507 (78.5%) | 20.8 samples/sec | ETA: 19.1 min
  Progress: 86800/110507 (78.5%) | 20.8 samples/sec | ETA: 19.0 min
  Progress: 86900/110507 (78.6%) | 20.8 samples/sec | ETA: 18.9 min
  Progress: 87000/110507 (78.7%) | 20.8 samples/sec | ETA: 18.8 min
  Progress: 87100/110507 (78.8%) | 20.8 samples/sec | ETA: 18.7 min
  Progress: 87200/110507 (78.9%) | 20.8 samples/sec | ETA: 18.7 min
  Progress: 87300/110507 (79.0%) | 20.8 samples/sec | ETA: 18.6 min
  Progress: 87400/110507 (79.1%) | 20.8 samples/sec | ETA: 18.5 min
  Progress: 87500/110507 (79.2%) | 20.8 samples/sec | ETA: 18.4 min
  Progress: 87600/110507 (79.3%) | 20.8 samples/sec | ETA: 18.3 min
  Progress: 87700/110507 (79.4%) | 20.8 samples/sec | ETA: 18.3 min
  Progress: 87800/110507 (79.5%) | 20.8 samples/sec | ETA: 18.2 min
  Progress: 87900/110507 (79.5%) | 20.8 samples/sec | ETA: 18.1 min
  Progress: 88000/110507 (79.6%) | 20.8 samples/sec | ETA: 18.0 min
  Progress: 88100/110507 (79.7%) | 20.8 samples/sec | ETA: 17.9 min
  Progress: 88200/110507 (79.8%) | 20.8 samples/sec | ETA: 17.9 min
  Progress: 88300/110507 (79.9%) | 20.8 samples/sec | ETA: 17.8 min
  Progress: 88400/110507 (80.0%) | 20.8 samples/sec | ETA: 17.7 min
  Progress: 88500/110507 (80.1%) | 20.8 samples/sec | ETA: 17.6 min
  Progress: 88600/110507 (80.2%) | 20.8 samples/sec | ETA: 17.5 min
  Progress: 88700/110507 (80.3%) | 20.8 samples/sec | ETA: 17.5 min
  Progress: 88800/110507 (80.4%) | 20.8 samples/sec | ETA: 17.4 min
  Progress: 88900/110507 (80.4%) | 20.8 samples/sec | ETA: 17.3 min
  Progress: 89000/110507 (80.5%) | 20.8 samples/sec | ETA: 17.2 min
  Progress: 89100/110507 (80.6%) | 20.8 samples/sec | ETA: 17.1 min
  Progress: 89200/110507 (80.7%) | 20.8 samples/sec | ETA: 17.1 min
  Progress: 89300/110507 (80.8%) | 20.8 samples/sec | ETA: 17.0 min
  Progress: 89400/110507 (80.9%) | 20.8 samples/sec | ETA: 16.9 min
  Progress: 89500/110507 (81.0%) | 20.8 samples/sec | ETA: 16.8 min
  Progress: 89600/110507 (81.1%) | 20.8 samples/sec | ETA: 16.7 min
  Progress: 89700/110507 (81.2%) | 20.8 samples/sec | ETA: 16.7 min
  Progress: 89800/110507 (81.3%) | 20.8 samples/sec | ETA: 16.6 min
  Progress: 89900/110507 (81.4%) | 20.8 samples/sec | ETA: 16.5 min
  Progress: 90000/110507 (81.4%) | 20.8 samples/sec | ETA: 16.4 min
  Progress: 90100/110507 (81.5%) | 20.8 samples/sec | ETA: 16.3 min
  Progress: 90200/110507 (81.6%) | 20.8 samples/sec | ETA: 16.3 min
  Progress: 90300/110507 (81.7%) | 20.8 samples/sec | ETA: 16.2 min
  Progress: 90400/110507 (81.8%) | 20.8 samples/sec | ETA: 16.1 min
  Progress: 90500/110507 (81.9%) | 20.8 samples/sec | ETA: 16.0 min
  Progress: 90600/110507 (82.0%) | 20.8 samples/sec | ETA: 15.9 min
  Progress: 90700/110507 (82.1%) | 20.8 samples/sec | ETA: 15.9 min
  Progress: 90800/110507 (82.2%) | 20.8 samples/sec | ETA: 15.8 min
  Progress: 90900/110507 (82.3%) | 20.8 samples/sec | ETA: 15.7 min
  Progress: 91000/110507 (82.3%) | 20.8 samples/sec | ETA: 15.6 min
  Progress: 91100/110507 (82.4%) | 20.8 samples/sec | ETA: 15.5 min
  Progress: 91200/110507 (82.5%) | 20.8 samples/sec | ETA: 15.5 min
  Progress: 91300/110507 (82.6%) | 20.8 samples/sec | ETA: 15.4 min
  Progress: 91400/110507 (82.7%) | 20.8 samples/sec | ETA: 15.3 min
  Progress: 91500/110507 (82.8%) | 20.8 samples/sec | ETA: 15.2 min
  Progress: 91600/110507 (82.9%) | 20.8 samples/sec | ETA: 15.1 min
  Progress: 91700/110507 (83.0%) | 20.8 samples/sec | ETA: 15.1 min
  Progress: 91800/110507 (83.1%) | 20.8 samples/sec | ETA: 15.0 min
  Progress: 91900/110507 (83.2%) | 20.8 samples/sec | ETA: 14.9 min
  Progress: 92000/110507 (83.3%) | 20.8 samples/sec | ETA: 14.8 min
  Progress: 92100/110507 (83.3%) | 20.8 samples/sec | ETA: 14.7 min
  Progress: 92200/110507 (83.4%) | 20.8 samples/sec | ETA: 14.7 min
  Progress: 92300/110507 (83.5%) | 20.8 samples/sec | ETA: 14.6 min
  Progress: 92400/110507 (83.6%) | 20.8 samples/sec | ETA: 14.5 min
  Progress: 92500/110507 (83.7%) | 20.8 samples/sec | ETA: 14.4 min
  Progress: 92600/110507 (83.8%) | 20.8 samples/sec | ETA: 14.3 min
  Progress: 92700/110507 (83.9%) | 20.8 samples/sec | ETA: 14.3 min
  Progress: 92800/110507 (84.0%) | 20.8 samples/sec | ETA: 14.2 min
  Progress: 92900/110507 (84.1%) | 20.8 samples/sec | ETA: 14.1 min
  Progress: 93000/110507 (84.2%) | 20.8 samples/sec | ETA: 14.0 min
  Progress: 93100/110507 (84.2%) | 20.8 samples/sec | ETA: 13.9 min
  Progress: 93200/110507 (84.3%) | 20.8 samples/sec | ETA: 13.9 min
  Progress: 93300/110507 (84.4%) | 20.8 samples/sec | ETA: 13.8 min
  Progress: 93400/110507 (84.5%) | 20.8 samples/sec | ETA: 13.7 min
  Progress: 93500/110507 (84.6%) | 20.8 samples/sec | ETA: 13.6 min
  Progress: 93600/110507 (84.7%) | 20.8 samples/sec | ETA: 13.5 min
  Progress: 93700/110507 (84.8%) | 20.8 samples/sec | ETA: 13.5 min
  Progress: 93800/110507 (84.9%) | 20.8 samples/sec | ETA: 13.4 min
  Progress: 93900/110507 (85.0%) | 20.8 samples/sec | ETA: 13.3 min
  Progress: 94000/110507 (85.1%) | 20.8 samples/sec | ETA: 13.2 min
  Progress: 94100/110507 (85.2%) | 20.8 samples/sec | ETA: 13.1 min
  Progress: 94200/110507 (85.2%) | 20.8 samples/sec | ETA: 13.1 min
  Progress: 94300/110507 (85.3%) | 20.8 samples/sec | ETA: 13.0 min
  Progress: 94400/110507 (85.4%) | 20.8 samples/sec | ETA: 12.9 min
  Progress: 94500/110507 (85.5%) | 20.8 samples/sec | ETA: 12.8 min
  Progress: 94600/110507 (85.6%) | 20.8 samples/sec | ETA: 12.7 min
  Progress: 94700/110507 (85.7%) | 20.8 samples/sec | ETA: 12.7 min
  Progress: 94800/110507 (85.8%) | 20.8 samples/sec | ETA: 12.6 min
  Progress: 94900/110507 (85.9%) | 20.8 samples/sec | ETA: 12.5 min
  Progress: 95000/110507 (86.0%) | 20.8 samples/sec | ETA: 12.4 min
  Progress: 95100/110507 (86.1%) | 20.8 samples/sec | ETA: 12.3 min
  Progress: 95200/110507 (86.1%) | 20.8 samples/sec | ETA: 12.3 min
  Progress: 95300/110507 (86.2%) | 20.8 samples/sec | ETA: 12.2 min
  Progress: 95400/110507 (86.3%) | 20.8 samples/sec | ETA: 12.1 min
  Progress: 95500/110507 (86.4%) | 20.8 samples/sec | ETA: 12.0 min
  Progress: 95600/110507 (86.5%) | 20.8 samples/sec | ETA: 11.9 min
  Progress: 95700/110507 (86.6%) | 20.8 samples/sec | ETA: 11.9 min
  Progress: 95800/110507 (86.7%) | 20.8 samples/sec | ETA: 11.8 min
  Progress: 95900/110507 (86.8%) | 20.8 samples/sec | ETA: 11.7 min
  Progress: 96000/110507 (86.9%) | 20.8 samples/sec | ETA: 11.6 min
  Progress: 96100/110507 (87.0%) | 20.8 samples/sec | ETA: 11.5 min
  Progress: 96200/110507 (87.1%) | 20.8 samples/sec | ETA: 11.5 min
  Progress: 96300/110507 (87.1%) | 20.8 samples/sec | ETA: 11.4 min
  Progress: 96400/110507 (87.2%) | 20.8 samples/sec | ETA: 11.3 min
  Progress: 96500/110507 (87.3%) | 20.8 samples/sec | ETA: 11.2 min
  Progress: 96600/110507 (87.4%) | 20.8 samples/sec | ETA: 11.1 min
  Progress: 96700/110507 (87.5%) | 20.8 samples/sec | ETA: 11.1 min
  Progress: 96800/110507 (87.6%) | 20.8 samples/sec | ETA: 11.0 min
  Progress: 96900/110507 (87.7%) | 20.8 samples/sec | ETA: 10.9 min
  Progress: 97000/110507 (87.8%) | 20.8 samples/sec | ETA: 10.8 min
  Progress: 97100/110507 (87.9%) | 20.8 samples/sec | ETA: 10.7 min
  Progress: 97200/110507 (88.0%) | 20.8 samples/sec | ETA: 10.7 min
  Progress: 97300/110507 (88.0%) | 20.8 samples/sec | ETA: 10.6 min
  Progress: 97400/110507 (88.1%) | 20.8 samples/sec | ETA: 10.5 min
  Progress: 97500/110507 (88.2%) | 20.8 samples/sec | ETA: 10.4 min
  Progress: 97600/110507 (88.3%) | 20.8 samples/sec | ETA: 10.3 min
  Progress: 97700/110507 (88.4%) | 20.8 samples/sec | ETA: 10.3 min
  Progress: 97800/110507 (88.5%) | 20.8 samples/sec | ETA: 10.2 min
  Progress: 97900/110507 (88.6%) | 20.8 samples/sec | ETA: 10.1 min
  Progress: 98000/110507 (88.7%) | 20.8 samples/sec | ETA: 10.0 min
  Progress: 98100/110507 (88.8%) | 20.8 samples/sec | ETA: 9.9 min
  Progress: 98200/110507 (88.9%) | 20.8 samples/sec | ETA: 9.9 min
  Progress: 98300/110507 (89.0%) | 20.8 samples/sec | ETA: 9.8 min
  Progress: 98400/110507 (89.0%) | 20.8 samples/sec | ETA: 9.7 min
  Progress: 98500/110507 (89.1%) | 20.8 samples/sec | ETA: 9.6 min
  Progress: 98600/110507 (89.2%) | 20.8 samples/sec | ETA: 9.5 min
  Progress: 98700/110507 (89.3%) | 20.8 samples/sec | ETA: 9.5 min
  Progress: 98800/110507 (89.4%) | 20.8 samples/sec | ETA: 9.4 min
  Progress: 98900/110507 (89.5%) | 20.8 samples/sec | ETA: 9.3 min
  Progress: 99000/110507 (89.6%) | 20.8 samples/sec | ETA: 9.2 min
  Progress: 99100/110507 (89.7%) | 20.8 samples/sec | ETA: 9.1 min
  Progress: 99200/110507 (89.8%) | 20.8 samples/sec | ETA: 9.1 min
  Progress: 99300/110507 (89.9%) | 20.8 samples/sec | ETA: 9.0 min
  Progress: 99400/110507 (89.9%) | 20.8 samples/sec | ETA: 8.9 min
  Progress: 99500/110507 (90.0%) | 20.8 samples/sec | ETA: 8.8 min
  Progress: 99600/110507 (90.1%) | 20.8 samples/sec | ETA: 8.7 min
  Progress: 99700/110507 (90.2%) | 20.8 samples/sec | ETA: 8.7 min
  Progress: 99800/110507 (90.3%) | 20.8 samples/sec | ETA: 8.6 min
  Progress: 99900/110507 (90.4%) | 20.8 samples/sec | ETA: 8.5 min
  Progress: 100000/110507 (90.5%) | 20.8 samples/sec | ETA: 8.4 min
  Progress: 100100/110507 (90.6%) | 20.8 samples/sec | ETA: 8.3 min
  Progress: 100200/110507 (90.7%) | 20.8 samples/sec | ETA: 8.3 min
  Progress: 100300/110507 (90.8%) | 20.8 samples/sec | ETA: 8.2 min
  Progress: 100400/110507 (90.9%) | 20.8 samples/sec | ETA: 8.1 min
  Progress: 100500/110507 (90.9%) | 20.8 samples/sec | ETA: 8.0 min
  Progress: 100600/110507 (91.0%) | 20.8 samples/sec | ETA: 7.9 min
  Progress: 100700/110507 (91.1%) | 20.8 samples/sec | ETA: 7.9 min
  Progress: 100800/110507 (91.2%) | 20.8 samples/sec | ETA: 7.8 min
  Progress: 100900/110507 (91.3%) | 20.8 samples/sec | ETA: 7.7 min
  Progress: 101000/110507 (91.4%) | 20.8 samples/sec | ETA: 7.6 min
  Progress: 101100/110507 (91.5%) | 20.8 samples/sec | ETA: 7.5 min
  Progress: 101200/110507 (91.6%) | 20.8 samples/sec | ETA: 7.5 min
  Progress: 101300/110507 (91.7%) | 20.8 samples/sec | ETA: 7.4 min
  Progress: 101400/110507 (91.8%) | 20.8 samples/sec | ETA: 7.3 min
  Progress: 101500/110507 (91.8%) | 20.8 samples/sec | ETA: 7.2 min
  Progress: 101600/110507 (91.9%) | 20.8 samples/sec | ETA: 7.1 min
  Progress: 101700/110507 (92.0%) | 20.8 samples/sec | ETA: 7.1 min
  Progress: 101800/110507 (92.1%) | 20.8 samples/sec | ETA: 7.0 min
  Progress: 101900/110507 (92.2%) | 20.8 samples/sec | ETA: 6.9 min
  Progress: 102000/110507 (92.3%) | 20.8 samples/sec | ETA: 6.8 min
  Progress: 102100/110507 (92.4%) | 20.8 samples/sec | ETA: 6.7 min
  Progress: 102200/110507 (92.5%) | 20.8 samples/sec | ETA: 6.7 min
  Progress: 102300/110507 (92.6%) | 20.8 samples/sec | ETA: 6.6 min
  Progress: 102400/110507 (92.7%) | 20.8 samples/sec | ETA: 6.5 min
  Progress: 102500/110507 (92.8%) | 20.8 samples/sec | ETA: 6.4 min
  Progress: 102600/110507 (92.8%) | 20.8 samples/sec | ETA: 6.3 min
  Progress: 102700/110507 (92.9%) | 20.8 samples/sec | ETA: 6.3 min
  Progress: 102800/110507 (93.0%) | 20.8 samples/sec | ETA: 6.2 min
  Progress: 102900/110507 (93.1%) | 20.8 samples/sec | ETA: 6.1 min
  Progress: 103000/110507 (93.2%) | 20.8 samples/sec | ETA: 6.0 min
  Progress: 103100/110507 (93.3%) | 20.8 samples/sec | ETA: 5.9 min
  Progress: 103200/110507 (93.4%) | 20.8 samples/sec | ETA: 5.9 min
  Progress: 103300/110507 (93.5%) | 20.8 samples/sec | ETA: 5.8 min
  Progress: 103400/110507 (93.6%) | 20.8 samples/sec | ETA: 5.7 min
  Progress: 103500/110507 (93.7%) | 20.8 samples/sec | ETA: 5.6 min
  Progress: 103600/110507 (93.7%) | 20.8 samples/sec | ETA: 5.5 min
  Progress: 103700/110507 (93.8%) | 20.8 samples/sec | ETA: 5.5 min
  Progress: 103800/110507 (93.9%) | 20.8 samples/sec | ETA: 5.4 min
  Progress: 103900/110507 (94.0%) | 20.8 samples/sec | ETA: 5.3 min
  Progress: 104000/110507 (94.1%) | 20.8 samples/sec | ETA: 5.2 min
  Progress: 104100/110507 (94.2%) | 20.8 samples/sec | ETA: 5.1 min
  Progress: 104200/110507 (94.3%) | 20.8 samples/sec | ETA: 5.0 min
  Progress: 104300/110507 (94.4%) | 20.8 samples/sec | ETA: 5.0 min
  Progress: 104400/110507 (94.5%) | 20.8 samples/sec | ETA: 4.9 min
  Progress: 104500/110507 (94.6%) | 20.8 samples/sec | ETA: 4.8 min
  Progress: 104600/110507 (94.7%) | 20.8 samples/sec | ETA: 4.7 min
  Progress: 104700/110507 (94.7%) | 20.8 samples/sec | ETA: 4.6 min
  Progress: 104800/110507 (94.8%) | 20.8 samples/sec | ETA: 4.6 min
  Progress: 104900/110507 (94.9%) | 20.8 samples/sec | ETA: 4.5 min
  Progress: 105000/110507 (95.0%) | 20.8 samples/sec | ETA: 4.4 min
  Progress: 105100/110507 (95.1%) | 20.8 samples/sec | ETA: 4.3 min
  Progress: 105200/110507 (95.2%) | 20.8 samples/sec | ETA: 4.2 min
  Progress: 105300/110507 (95.3%) | 20.8 samples/sec | ETA: 4.2 min
  Progress: 105400/110507 (95.4%) | 20.8 samples/sec | ETA: 4.1 min
  Progress: 105500/110507 (95.5%) | 20.8 samples/sec | ETA: 4.0 min
  Progress: 105600/110507 (95.6%) | 20.8 samples/sec | ETA: 3.9 min
  Progress: 105700/110507 (95.7%) | 20.8 samples/sec | ETA: 3.8 min
  Progress: 105800/110507 (95.7%) | 20.8 samples/sec | ETA: 3.8 min
  Progress: 105900/110507 (95.8%) | 20.8 samples/sec | ETA: 3.7 min
  Progress: 106000/110507 (95.9%) | 20.8 samples/sec | ETA: 3.6 min
  Progress: 106100/110507 (96.0%) | 20.8 samples/sec | ETA: 3.5 min
  Progress: 106200/110507 (96.1%) | 20.8 samples/sec | ETA: 3.4 min
  Progress: 106300/110507 (96.2%) | 20.8 samples/sec | ETA: 3.4 min
  Progress: 106400/110507 (96.3%) | 20.8 samples/sec | ETA: 3.3 min
  Progress: 106500/110507 (96.4%) | 20.8 samples/sec | ETA: 3.2 min
  Progress: 106600/110507 (96.5%) | 20.8 samples/sec | ETA: 3.1 min
  Progress: 106700/110507 (96.6%) | 20.8 samples/sec | ETA: 3.0 min
  Progress: 106800/110507 (96.6%) | 20.8 samples/sec | ETA: 3.0 min
  Progress: 106900/110507 (96.7%) | 20.8 samples/sec | ETA: 2.9 min
  Progress: 107000/110507 (96.8%) | 20.8 samples/sec | ETA: 2.8 min
  Progress: 107100/110507 (96.9%) | 20.8 samples/sec | ETA: 2.7 min
  Progress: 107200/110507 (97.0%) | 20.8 samples/sec | ETA: 2.6 min
  Progress: 107300/110507 (97.1%) | 20.8 samples/sec | ETA: 2.6 min
  Progress: 107400/110507 (97.2%) | 20.8 samples/sec | ETA: 2.5 min
  Progress: 107500/110507 (97.3%) | 20.8 samples/sec | ETA: 2.4 min
  Progress: 107600/110507 (97.4%) | 20.8 samples/sec | ETA: 2.3 min
  Progress: 107700/110507 (97.5%) | 20.8 samples/sec | ETA: 2.2 min
  Progress: 107800/110507 (97.6%) | 20.8 samples/sec | ETA: 2.2 min
  Progress: 107900/110507 (97.6%) | 20.8 samples/sec | ETA: 2.1 min
  Progress: 108000/110507 (97.7%) | 20.8 samples/sec | ETA: 2.0 min
  Progress: 108100/110507 (97.8%) | 20.8 samples/sec | ETA: 1.9 min
  Progress: 108200/110507 (97.9%) | 20.8 samples/sec | ETA: 1.8 min
  Progress: 108300/110507 (98.0%) | 20.8 samples/sec | ETA: 1.8 min
  Progress: 108400/110507 (98.1%) | 20.8 samples/sec | ETA: 1.7 min
  Progress: 108500/110507 (98.2%) | 20.8 samples/sec | ETA: 1.6 min
  Progress: 108600/110507 (98.3%) | 20.8 samples/sec | ETA: 1.5 min
  Progress: 108700/110507 (98.4%) | 20.8 samples/sec | ETA: 1.4 min
  Progress: 108800/110507 (98.5%) | 20.8 samples/sec | ETA: 1.4 min
  Progress: 108900/110507 (98.5%) | 20.8 samples/sec | ETA: 1.3 min
  Progress: 109000/110507 (98.6%) | 20.8 samples/sec | ETA: 1.2 min
  Progress: 109100/110507 (98.7%) | 20.8 samples/sec | ETA: 1.1 min
  Progress: 109200/110507 (98.8%) | 20.8 samples/sec | ETA: 1.0 min
  Progress: 109300/110507 (98.9%) | 20.8 samples/sec | ETA: 58 sec
  Progress: 109400/110507 (99.0%) | 20.8 samples/sec | ETA: 53 sec
  Progress: 109500/110507 (99.1%) | 20.8 samples/sec | ETA: 48 sec
  Progress: 109600/110507 (99.2%) | 20.8 samples/sec | ETA: 44 sec
  Progress: 109700/110507 (99.3%) | 20.8 samples/sec | ETA: 39 sec
  Progress: 109800/110507 (99.4%) | 20.8 samples/sec | ETA: 34 sec
  Progress: 109900/110507 (99.5%) | 20.8 samples/sec | ETA: 29 sec
  Progress: 110000/110507 (99.5%) | 20.8 samples/sec | ETA: 24 sec
  Progress: 110100/110507 (99.6%) | 20.8 samples/sec | ETA: 20 sec
  Progress: 110200/110507 (99.7%) | 20.8 samples/sec | ETA: 15 sec
  Progress: 110300/110507 (99.8%) | 20.8 samples/sec | ETA: 10 sec
  Progress: 110400/110507 (99.9%) | 20.8 samples/sec | ETA: 5 sec
  Progress: 110500/110507 (100.0%) | 20.8 samples/sec | ETA: 0 sec
  Progress: 110507/110507 (100.0%) | 20.8 samples/sec | ETA: 0 sec
PTE inference completed in 5309.2 seconds (20.8 samples/sec)
Testing using 1228 seizure datapoints and 109279 false alarm datapoints
PTE Model - Test accuracy: 0.975667
PTE Model - Test loss: 0.354351
____nnTrainer.calcConfusionMatrix()____
nClasses=2
Testing using 1228 seizure datapoints and 109279 false alarm datapoints
nnTrainer.calcConfusionMatrix(): Using pre-computed predictions (skipping inference)
Threshold Analysis:
th [0.1, 0.2, 0.3, 0.4, 0.5, 0.6, 0.7, 0.8, 0.9]
nTP [701, 624, 581, 538, 507, 472, 433, 337, 239]
nFP [9558, 5523, 3593, 2576, 1968, 1530, 1184, 875, 540]
nTN [99721, 103756, 105686, 106703, 107311, 107749, 108095, 108404, 108739]
nFN [527, 604, 647, 690, 721, 756, 795, 891, 989]
TPR [0.5708469055374593, 0.50814332247557, 0.4731270358306189, 0.4381107491856677, 0.41286644951140067, 0.38436482084690554, 0.3526058631921824, 0.2744299674267101, 0.19462540716612378]
FPR [0.08746419714675281, 0.05054035999597361, 0.032879144208859894, 0.023572690086841937, 0.01800894956945067, 0.014000860183566834, 0.010834652586498779, 0.00800702788275881, 0.004941480064788294]
Probability plot saved as ./output/deepEpiCnnModel_pytorch/24/deepEpiCnnModel_pytorch_pt_probabilities.png
Confusion Matrix Saved as ./output/deepEpiCnnModel_pytorch/24/deepEpiCnnModel_pytorch_pt_confusion.png.
Statistics Summary saved as ./output/deepEpiCnnModel_pytorch/24/deepEpiCnnModel_pytorch_pt_stats.txt.
nnTester.testModel(): Saved event-level confusion matrix to ./output/deepEpiCnnModel_pytorch/24/deepEpiCnnModel_pytorch_pt_event_confusion.png
nnTester.testModel(): Saved event-level statistics to ./output/deepEpiCnnModel_pytorch/24/deepEpiCnnModel_pytorch_pt_event_results.csv
nnTester.testModel(): Saved summary statistics to ./output/deepEpiCnnModel_pytorch/24/deepEpiCnnModel_pytorch_pt_summary.txt

nnTester.testModel(): PT Model Event-Level Statistics:
  Datapoint - Sensitivity (TPR): 0.4129, False Alarm Rate (FPR): 0.0180
  Datapoint - TP=507, FP=1968, TN=107311, FN=721
  Event - Sensitivity (TPR): 0.8409, False Alarm Rate (FPR): 0.1501
____nnTrainer.calcConfusionMatrix()____
nClasses=2
Testing using 1228 seizure datapoints and 109279 false alarm datapoints
nnTrainer.calcConfusionMatrix(): Using pre-computed predictions (skipping inference)
Threshold Analysis:
th [0.1, 0.2, 0.3, 0.4, 0.5, 0.6, 0.7, 0.8, 0.9]
nTP [701, 624, 581, 538, 507, 472, 433, 337, 239]
nFP [9563, 5528, 3593, 2577, 1968, 1529, 1184, 875, 541]
nTN [99716, 103751, 105686, 106702, 107311, 107750, 108095, 108404, 108738]
nFN [527, 604, 647, 690, 721, 756, 795, 891, 989]
TPR [0.5708469055374593, 0.50814332247557, 0.4731270358306189, 0.4381107491856677, 0.41286644951140067, 0.38436482084690554, 0.3526058631921824, 0.2744299674267101, 0.19462540716612378]
FPR [0.08750995159179714, 0.050586114441017946, 0.032879144208859894, 0.023581840975850803, 0.01800894956945067, 0.013991709294557966, 0.010834652586498779, 0.00800702788275881, 0.004950630953797161]
Probability plot saved as ./output/deepEpiCnnModel_pytorch/24/deepEpiCnnModel_pytorch_pte_probabilities.png
Confusion Matrix Saved as ./output/deepEpiCnnModel_pytorch/24/deepEpiCnnModel_pytorch_pte_confusion.png.
Statistics Summary saved as ./output/deepEpiCnnModel_pytorch/24/deepEpiCnnModel_pytorch_pte_stats.txt.
nnTester.testModel(): Saved event-level confusion matrix to ./output/deepEpiCnnModel_pytorch/24/deepEpiCnnModel_pytorch_pte_event_confusion.png
nnTester.testModel(): Saved event-level statistics to ./output/deepEpiCnnModel_pytorch/24/deepEpiCnnModel_pytorch_pte_event_results.csv
nnTester.testModel(): Saved summary statistics to ./output/deepEpiCnnModel_pytorch/24/deepEpiCnnModel_pytorch_pte_summary.txt

nnTester.testModel(): PTE Model Event-Level Statistics:
  Datapoint - Sensitivity (TPR): 0.4129, False Alarm Rate (FPR): 0.0180
  Datapoint - TP=507, FP=1968, TN=107311, FN=721
  Event - Sensitivity (TPR): 0.8409, False Alarm Rate (FPR): 0.1501

nnTester.testModel(): Creating comparison plots for 2 model variants...
nnTester.testModel(): Saved EVENT-LEVEL comparison confusion matrix to ./output/deepEpiCnnModel_pytorch/24/deepEpiCnnModel_pytorch_event_comparison_confusion.png
nnTester.testModel(): Saved datapoint-level comparison confusion matrix to ./output/deepEpiCnnModel_pytorch/24/deepEpiCnnModel_pytorch_datapoint_comparison_confusion.png
nnTester.testModel(): Saved comparison summary to ./output/deepEpiCnnModel_pytorch/24/deepEpiCnnModel_pytorch_comparison_summary.txt
/home/graham/osd/OpenSeizureDatabase/user_tools/nnTraining2/nnTester.py:1325: PerformanceWarning: DataFrame is highly fragmented.  This is usually the result of calling `frame.insert` many times, which has poor performance.  Consider joining all columns at once using pd.concat(axis=1) instead. To get a de-fragmented frame, use `newframe = frame.copy()`
  df['pred'] = y_pred
/home/graham/osd/OpenSeizureDatabase/user_tools/nnTraining2/nnTester.py:1326: PerformanceWarning: DataFrame is highly fragmented.  This is usually the result of calling `frame.insert` many times, which has poor performance.  Consider joining all columns at once using pd.concat(axis=1) instead. To get a de-fragmented frame, use `newframe = frame.copy()`
  df['osd_pred'] = df['osdAlarmState'].apply(lambda x: 1 if x >= 2 else 0)
nnTester.testModel(): Loading event details from ./output/deepEpiCnnModel_pytorch/24/allData.json
nnTester.testModel(): Parsing event details from allData
nnTester.testModel(): Found 17683 events in allData
nnTester.testModel(): Event keys are: ['dataTime', 'datapoints', 'desc', 'id', 'osdAlarmState', 'subType', 'type', 'userId', 'seizureTimes', 'has3dData', 'hasHrData', 'hasO2SatData'] 
nnTester.testModel(): Loaded metadata for 17675 events from ./output/deepEpiCnnModel_pytorch/24/allData.json
nnTester.testModel(): Event-level results saved to ./output/deepEpiCnnModel_pytorch/24/deepEpiCnnModel_pytorch_event_results.csv
nnTester: foldResults written to ./output/deepEpiCnnModel_pytorch/24/testResults.json

===== Formatted foldResults =====
{
  "num_positive_epoch": 1228,
  "num_positive_event": 44,
  "accuracy": 0.9756666998470686,
  "accuracyOsd": 0.9471617182621915,
  "tpr": 0.41286644951140067,
  "fpr": 0.01800894956945065,
  "tprOsd": 0.08387622149837133,
  "fprOsd": 0.04313729078780004,
  "tn": 107311,
  "fp": 1968,
  "fn": 721,
  "tp": 507,
  "tnOsd": 104565,
  "fpOsd": 4714,
  "fnOsd": 1125,
  "tpOsd": 103,
  "event_tpr": 0.8409090909090909,
  "event_fpr": 0.15012942191544432,
  "event_tp": 37,
  "event_fp": 522,
  "event_fn": 7,
  "event_tn": 2955,
  "osd_event_tpr": 0.75,
  "osd_event_fpr": 0.22663215415588156,
  "osd_event_tp": 33,
  "osd_event_fp": 788,
  "osd_event_fn": 11,
  "osd_event_tn": 2689
}
===== End foldResults =====


======================================================================
EVENT-BASED ANALYSIS SUMMARY
======================================================================

Total Events: 3521
  Seizure Events: 44
  Non-Seizure Events: 3477

METRIC                         MODEL           OSD ALGORITHM  
----------------------------------------------------------------------
True Positives (TP)            37              33             
False Positives (FP)           522             788            
True Negatives (TN)            2955            2689           
False Negatives (FN)           7               11             
----------------------------------------------------------------------
Sensitivity (TPR)              0.8409           0.7500          
False Alarm Rate (FAR/FPR)     0.1501           0.2266          
Precision (PPV)                0.0662           0.0402          
Specificity (TNR)              0.8499           0.7734          
F1 Score                       0.1227           0.0763          
======================================================================

======================================================================
EVENT-BASED THRESHOLD ANALYSIS
======================================================================

Threshold    TPR          FPR          TP       FP       TN       FN      
----------------------------------------------------------------------
0.1          0.9091       0.4567       40       1588     1889     4       
0.2          0.8864       0.3368       39       1171     2306     5       
0.3          0.8864       0.2597       39       903      2574     5       
0.4          0.8409       0.1961       37       682      2795     7       
0.5          0.8409       0.1501       37       522      2955     7       
0.6          0.8182       0.1104       36       384      3093     8       
0.7          0.7727       0.0883       34       307      3170     10      
0.8          0.7273       0.0673       32       234      3243     12      
0.9          0.6818       0.0446       30       155      3322     14      

nnTester.testModel(): Event-based threshold analysis plot saved to ./output/deepEpiCnnModel_pytorch/24/deepEpiCnnModel_pytorch_event_threshold_analysis.png
nnTester.testModel(): Event-based threshold data saved to ./output/deepEpiCnnModel_pytorch/24/deepEpiCnnModel_pytorch_event_threshold_data.json
======================================================================

Event-Level Confusion Matrix (Model):
                Predicted Negative  Predicted Positive
Actual Negative        2955              522       
Actual Positive        7                 37        

Event-Level Confusion Matrix (OSD Algorithm):
                Predicted Negative  Predicted Positive
Actual Negative        2689              788       
Actual Positive        11                33        
======================================================================

Event-level confusion matrices saved as ./output/deepEpiCnnModel_pytorch/24/deepEpiCnnModel_pytorch_event_confusion.png
nnTester.testModel(): CUDA memory cleared
nnTester: Testing Complete

analyzeTestResults: Analyzing test results in ./output/deepEpiCnnModel_pytorch/24
Loaded 3521 events from ./output/deepEpiCnnModel_pytorch/24/deepEpiCnnModel_pytorch_event_results.csv
Columns: ['EventID', 'UserID', 'Type', 'SubType', 'ActualLabel', 'ModelPrediction', 'OSDPrediction', 'MaxSeizureProbability', 'dp0', 'dp1', 'dp2', 'dp3', 'dp4', 'dp5', 'dp6', 'dp7', 'dp8', 'dp9', 'dp10', 'dp11', 'dp12', 'dp13', 'dp14', 'dp15', 'dp16', 'dp17', 'dp18', 'dp19', 'dp20', 'dp21', 'dp22', 'dp23', 'dp24', 'dp25', 'dp26', 'dp27', 'dp28', 'dp29', 'dp30', 'dp31', 'dp32', 'dp33', 'dp34', 'dp35', 'dp36', 'dp37', 'dp38', 'dp39', 'dp40', 'dp41', 'dp42', 'dp43', 'dp44', 'dp45', 'dp46', 'dp47', 'dp48', 'dp49', 'Description']

================================================================================
ANALYSIS BY USER
Seizure threshold: 3, FAR threshold: 100
================================================================================

Total users with seizures: 11
Users with >= 3 seizures: 3
Users with < 3 seizures: 8

TPR by User:
 User  Seizures  TP  FN      TPR
   39        24  21   3 0.875000
  733         6   5   1 0.833333
Other        10   8   2 0.800000
   45         4   3   1 0.750000
Users with >= 100 non-seizure events: 7
Users with < 100 non-seizure events: 79

FAR (False Alarm Rate) by User:
 User  NonSeizures  FP   TN      FAR
  697          121  31   90 0.256198
  733          118  28   90 0.237288
Other          805 147  658 0.182609
  837          173  29  144 0.167630
   39         1383 228 1155 0.164859
 1422          327  28  299 0.085627
   38          406  23  383 0.056650
  831          144   8  136 0.055556

================================================================================
ANALYSIS BY SEIZURE TYPE
================================================================================

Unique seizure types: <StringArray>
['Seizure']
Length: 1, dtype: str
Unique seizure subtypes: <StringArray>
['Tonic-Clonic', 'Other', nan]
Length: 3, dtype: str

TPR by Seizure SubType:
     SubType  Count  TP  FN      TPR
Tonic-Clonic     22  20   2 0.909091
       Other     21  16   5 0.761905

Tonic-Clonic/Combined Seizures: 22
  TP: 20, FN: 2, TPR: 0.909

================================================================================
ANALYSIS OF TONIC-CLONIC SEIZURES ONLY
================================================================================

Tonic-Clonic Seizures (Type=Seizure, Sub-Type=Tonic-Clonic):
  Total Count: 22
  TP: 20, FN: 2
  TPR (Sensitivity): 0.909
  False Positives on non-seizure data: 522
  FPR: 0.150

================================================================================
ANALYSIS OF FALSE ALARMS
================================================================================

Total non-seizure events: 3477
False alarms (predicted as seizure): 522
Overall FAR: 0.150

False Alarms by Type:
Type
False Alarm    462
nda             60
Name: count, dtype: int64

False Alarms by SubType:
SubType
Other                                 21
Motor Vehicle                         18
Other (Please describe in notes)      18
Sorting                                9
Talking                                7
Cooking/Washing/Cleaning               5
Walking/Running/Cycling                5
Typing                                 4
Brushing Hair/Teeth                    4
Washing / cleaning                     3
Talking/Standing Still                 3
Computer Games                         2
Sorting/Knitting                       2
Pushing Pram/Wheelchair/Lawn Mower     2
Cycling                                1
Typing/Hand Tools                      1
Name: count, dtype: int64

FAR by SubType (for non-seizure events, grouping < 5 events as 'other'):
                         SubType  Count  FP   TN      FAR
                         Sorting     11   9    2 0.818182
                         Talking      9   7    2 0.777778
                   Motor Vehicle     26  18    8 0.692308
                          Typing      7   4    3 0.571429
Other (Please describe in notes)     35  18   17 0.514286
                  Computer Games      8   2    6 0.250000
             Brushing Hair/Teeth     18   4   14 0.222222
                Sorting/Knitting      9   2    7 0.222222
        Cooking/Washing/Cleaning     23   5   18 0.217391
                           Other    148  27  121 0.182432
         Walking/Running/Cycling     28   5   23 0.178571
                         Unknown   3115 417 2698 0.133868
          Talking/Standing Still     25   3   22 0.120000
               Typing/Hand Tools     15   1   14 0.066667
analyzeTestResults: Text report saved to ./output/deepEpiCnnModel_pytorch/24/event_analysis_report.txt

Report saved to: ./output/deepEpiCnnModel_pytorch/24/event_analysis_report.pdf
analyzeTestResults: PDF report saved to ./output/deepEpiCnnModel_pytorch/24/event_analysis_report.pdf
Finished - output in folder ./output/deepEpiCnnModel_pytorch/24

================================================================================
Completed: 2026-01-25 20:16:23
================================================================================
